Flow report for DE1_SoC
Thu Apr 14 17:43:19 2016
Quartus II 64-Bit Version 14.1.0 Build 186 12/03/2014 SJ Full Version


---------------------
; Table of Contents ;
---------------------
  1. Legal Notice
  2. Flow Summary
  3. Flow Settings
  4. Flow Non-Default Global Settings
  5. Flow Elapsed Time
  6. Flow OS Summary
  7. Flow Log
  8. Flow Messages
  9. Flow Suppressed Messages



----------------
; Legal Notice ;
----------------
Copyright (C) 1991-2014 Altera Corporation. All rights reserved.
Your use of Altera Corporation's design tools, logic functions 
and other software and tools, and its AMPP partner logic 
functions, and any output files from any of the foregoing 
(including device programming or simulation files), and any 
associated documentation or information are expressly subject 
to the terms and conditions of the Altera Program License 
Subscription Agreement, the Altera Quartus II License Agreement,
the Altera MegaCore Function License Agreement, or other 
applicable license agreement, including, without limitation, 
that your use is for the sole purpose of programming logic 
devices manufactured by Altera and sold by Altera or its 
authorized distributors.  Please refer to the applicable 
agreement for further details.



+-------------------------------------------------------------------------------+
; Flow Summary                                                                  ;
+---------------------------------+---------------------------------------------+
; Flow Status                     ; Successful - Thu Apr 14 17:43:19 2016       ;
; Quartus II 64-Bit Version       ; 14.1.0 Build 186 12/03/2014 SJ Full Version ;
; Revision Name                   ; DE1_SoC                                     ;
; Top-level Entity Name           ; DE1_SoC                                     ;
; Family                          ; Cyclone V                                   ;
; Device                          ; 5CSEMA5F31C6                                ;
; Timing Models                   ; Final                                       ;
; Logic utilization (in ALMs)     ; 273 / 32,070 ( < 1 % )                      ;
; Total registers                 ; 441                                         ;
; Total pins                      ; 21 / 457 ( 5 % )                            ;
; Total virtual pins              ; 0                                           ;
; Total block memory bits         ; 512 / 4,065,280 ( < 1 % )                   ;
; Total DSP Blocks                ; 0 / 87 ( 0 % )                              ;
; Total HSSI RX PCSs              ; 0                                           ;
; Total HSSI PMA RX Deserializers ; 0                                           ;
; Total HSSI TX PCSs              ; 0                                           ;
; Total HSSI PMA TX Serializers   ; 0                                           ;
; Total PLLs                      ; 0 / 6 ( 0 % )                               ;
; Total DLLs                      ; 0 / 4 ( 0 % )                               ;
+---------------------------------+---------------------------------------------+


+-----------------------------------------+
; Flow Settings                           ;
+-------------------+---------------------+
; Option            ; Setting             ;
+-------------------+---------------------+
; Start date & time ; 04/14/2016 15:04:47 ;
; Main task         ; Compilation         ;
; Revision Name     ; DE1_SoC             ;
+-------------------+---------------------+


+----------------------------------------------------------------------------------------------------------------------------+
; Flow Non-Default Global Settings                                                                                           ;
+-------------------------------------+---------------------------------------+---------------+-------------+----------------+
; Assignment Name                     ; Value                                 ; Default Value ; Entity Name ; Section Id     ;
+-------------------------------------+---------------------------------------+---------------+-------------+----------------+
; COMPILER_SIGNATURE_ID               ; 109952949375159.146067148609328       ; --            ; --          ; --             ;
; EDA_OUTPUT_DATA_FORMAT              ; Systemverilog Hdl                     ; --            ; --          ; eda_simulation ;
; EDA_SIMULATION_TOOL                 ; ModelSim-Altera (SystemVerilog)       ; <None>        ; --          ; --             ;
; ENABLE_SIGNALTAP                    ; On                                    ; --            ; --          ; --             ;
; MAX_CORE_JUNCTION_TEMP              ; 85                                    ; --            ; --          ; --             ;
; MIN_CORE_JUNCTION_TEMP              ; 0                                     ; --            ; --          ; --             ;
; PARTITION_COLOR                     ; 16764057                              ; --            ; rippleDown  ; Top            ;
; PARTITION_FITTER_PRESERVATION_LEVEL ; PLACEMENT_AND_ROUTING                 ; --            ; rippleDown  ; Top            ;
; PARTITION_NETLIST_TYPE              ; POST_FIT                              ; --            ; rippleDown  ; Top            ;
; POWER_BOARD_THERMAL_MODEL           ; None (CONSERVATIVE)                   ; --            ; --          ; --             ;
; POWER_PRESET_COOLING_SOLUTION       ; 23 MM HEAT SINK WITH 200 LFPM AIRFLOW ; --            ; --          ; --             ;
; PROJECT_OUTPUT_DIRECTORY            ; output_files                          ; --            ; --          ; --             ;
; STATE_MACHINE_PROCESSING            ; User-Encoded                          ; Auto          ; --          ; --             ;
; TOP_LEVEL_ENTITY                    ; rippleDown                            ; DE1_SoC       ; --          ; --             ;
; USE_SIGNALTAP_FILE                  ; sourceCode/upCounterLogicAnalyzer.stp ; --            ; --          ; --             ;
+-------------------------------------+---------------------------------------+---------------+-------------+----------------+


+-------------------------------------------------------------------------------------------------------------------------------+
; Flow Elapsed Time                                                                                                             ;
+---------------------------+--------------+-------------------------+---------------------+------------------------------------+
; Module Name               ; Elapsed Time ; Average Processors Used ; Peak Virtual Memory ; Total CPU Time (on all processors) ;
+---------------------------+--------------+-------------------------+---------------------+------------------------------------+
; Analysis & Synthesis      ; 00:00:09     ; 1.0                     ; 670 MB              ; 00:00:20                           ;
; Analysis & Synthesis      ; 00:00:09     ; 1.0                     ; 669 MB              ; 00:00:22                           ;
; Analysis & Synthesis      ; 00:00:10     ; 1.0                     ; 731 MB              ; 00:00:22                           ;
; Analysis & Synthesis      ; 00:00:09     ; 1.0                     ; 672 MB              ; 00:00:21                           ;
; Partition Merge           ; 00:00:01     ; 1.0                     ; 683 MB              ; 00:00:01                           ;
; Fitter                    ; 00:00:35     ; 1.7                     ; 2658 MB             ; 00:00:52                           ;
; Assembler                 ; 00:00:10     ; 1.0                     ; 717 MB              ; 00:00:10                           ;
; TimeQuest Timing Analyzer ; 00:00:06     ; 1.0                     ; 1013 MB             ; 00:00:06                           ;
; EDA Netlist Writer        ; 00:00:02     ; 1.0                     ; 623 MB              ; 00:00:01                           ;
; Analysis & Synthesis      ; 00:00:10     ; 1.0                     ; 733 MB              ; 00:00:21                           ;
; Partition Merge           ; 00:00:01     ; 1.0                     ; 683 MB              ; 00:00:01                           ;
; Fitter                    ; 00:00:32     ; 1.5                     ; 2661 MB             ; 00:00:49                           ;
; Assembler                 ; 00:00:10     ; 1.0                     ; 711 MB              ; 00:00:10                           ;
; TimeQuest Timing Analyzer ; 00:00:06     ; 1.0                     ; 1029 MB             ; 00:00:06                           ;
; EDA Netlist Writer        ; 00:00:02     ; 1.0                     ; 625 MB              ; 00:00:01                           ;
; Analysis & Synthesis      ; 00:00:08     ; 1.0                     ; 676 MB              ; 00:00:18                           ;
; Partition Merge           ; 00:00:02     ; 1.0                     ; 819 MB              ; 00:00:02                           ;
; Fitter                    ; 00:00:28     ; 1.7                     ; 2427 MB             ; 00:00:42                           ;
; Assembler                 ; 00:00:10     ; 1.0                     ; 713 MB              ; 00:00:10                           ;
; TimeQuest Timing Analyzer ; 00:00:07     ; 1.0                     ; 1031 MB             ; 00:00:07                           ;
; EDA Netlist Writer        ; 00:00:02     ; 1.0                     ; 627 MB              ; 00:00:01                           ;
; Analysis & Synthesis      ; 00:00:22     ; 1.0                     ; 779 MB              ; 00:00:42                           ;
; Partition Merge           ; 00:00:02     ; 1.0                     ; 820 MB              ; 00:00:02                           ;
; Fitter                    ; 00:00:44     ; 1.6                     ; 2829 MB             ; 00:01:11                           ;
; Assembler                 ; 00:00:10     ; 1.0                     ; 719 MB              ; 00:00:10                           ;
; TimeQuest Timing Analyzer ; 00:00:09     ; 1.4                     ; 1068 MB             ; 00:00:10                           ;
; EDA Netlist Writer        ; 00:00:02     ; 1.0                     ; 647 MB              ; 00:00:02                           ;
; Analysis & Synthesis      ; 00:00:29     ; 1.0                     ; 783 MB              ; 00:00:51                           ;
; Partition Merge           ; 00:00:02     ; 1.0                     ; 826 MB              ; 00:00:02                           ;
; Fitter                    ; 00:00:46     ; 1.5                     ; 2827 MB             ; 00:01:09                           ;
; Assembler                 ; 00:00:10     ; 1.0                     ; 724 MB              ; 00:00:10                           ;
; TimeQuest Timing Analyzer ; 00:00:09     ; 1.3                     ; 1075 MB             ; 00:00:10                           ;
; EDA Netlist Writer        ; 00:00:01     ; 1.0                     ; 644 MB              ; 00:00:02                           ;
; Analysis & Synthesis      ; 00:00:22     ; 1.2                     ; 783 MB              ; 00:00:44                           ;
; Partition Merge           ; 00:00:03     ; 1.0                     ; 852 MB              ; 00:00:03                           ;
; Fitter                    ; 00:00:34     ; 1.7                     ; 2360 MB             ; 00:00:50                           ;
; Assembler                 ; 00:00:10     ; 1.0                     ; 722 MB              ; 00:00:10                           ;
; TimeQuest Timing Analyzer ; 00:00:11     ; 1.3                     ; 1074 MB             ; 00:00:14                           ;
; EDA Netlist Writer        ; 00:00:01     ; 1.0                     ; 645 MB              ; 00:00:02                           ;
; Analysis & Synthesis      ; 00:00:20     ; 1.0                     ; 787 MB              ; 00:00:41                           ;
; Partition Merge           ; 00:00:01     ; 1.0                     ; 681 MB              ; 00:00:01                           ;
; Fitter                    ; 00:00:44     ; 1.5                     ; 2708 MB             ; 00:01:10                           ;
; Assembler                 ; 00:00:10     ; 1.0                     ; 718 MB              ; 00:00:10                           ;
; TimeQuest Timing Analyzer ; 00:00:10     ; 1.0                     ; 1065 MB             ; 00:00:10                           ;
; EDA Netlist Writer        ; 00:00:02     ; 1.0                     ; 645 MB              ; 00:00:02                           ;
; Analysis & Synthesis      ; 00:00:09     ; 1.0                     ; 676 MB              ; 00:00:20                           ;
; Analysis & Synthesis      ; 00:00:08     ; 1.0                     ; 673 MB              ; 00:00:17                           ;
; Analysis & Synthesis      ; 00:00:20     ; 1.0                     ; 781 MB              ; 00:00:41                           ;
; Partition Merge           ; 00:00:01     ; 1.0                     ; 681 MB              ; 00:00:01                           ;
; Fitter                    ; 00:00:43     ; 1.6                     ; 2702 MB             ; 00:01:10                           ;
; Assembler                 ; 00:00:10     ; 1.0                     ; 724 MB              ; 00:00:10                           ;
; TimeQuest Timing Analyzer ; 00:00:09     ; 1.8                     ; 1066 MB             ; 00:00:10                           ;
; EDA Netlist Writer        ; 00:00:02     ; 1.0                     ; 643 MB              ; 00:00:02                           ;
; Partition Merge           ; 00:00:03     ; 1.0                     ; 852 MB              ; 00:00:03                           ;
; Fitter                    ; 00:00:27     ; 1.7                     ; 1907 MB             ; 00:00:41                           ;
; Assembler                 ; 00:00:10     ; 1.0                     ; 720 MB              ; 00:00:10                           ;
; TimeQuest Timing Analyzer ; 00:00:11     ; 1.3                     ; 1088 MB             ; 00:00:14                           ;
; EDA Netlist Writer        ; 00:00:02     ; 1.0                     ; 643 MB              ; 00:00:02                           ;
; Analysis & Synthesis      ; 00:00:19     ; 1.0                     ; 783 MB              ; 00:00:41                           ;
; Partition Merge           ; 00:00:02     ; 1.0                     ; 851 MB              ; 00:00:03                           ;
; Fitter                    ; 00:00:33     ; 1.6                     ; 2363 MB             ; 00:00:46                           ;
; Assembler                 ; 00:00:10     ; 1.0                     ; 715 MB              ; 00:00:10                           ;
; TimeQuest Timing Analyzer ; 00:00:11     ; 1.0                     ; 1074 MB             ; 00:00:14                           ;
; EDA Netlist Writer        ; 00:00:02     ; 1.0                     ; 644 MB              ; 00:00:02                           ;
; Analysis & Synthesis      ; 00:00:20     ; 1.0                     ; 782 MB              ; 00:00:40                           ;
; Partition Merge           ; 00:00:02     ; 1.0                     ; 825 MB              ; 00:00:02                           ;
; Fitter                    ; 00:00:41     ; 1.5                     ; 2826 MB             ; 00:01:08                           ;
; Assembler                 ; 00:00:10     ; 1.0                     ; 721 MB              ; 00:00:10                           ;
; TimeQuest Timing Analyzer ; 00:00:10     ; 1.0                     ; 1062 MB             ; 00:00:10                           ;
; EDA Netlist Writer        ; 00:00:02     ; 1.0                     ; 646 MB              ; 00:00:02                           ;
; Analysis & Synthesis      ; 00:00:23     ; 1.2                     ; 784 MB              ; 00:00:46                           ;
; Partition Merge           ; 00:00:03     ; 1.0                     ; 852 MB              ; 00:00:03                           ;
; Fitter                    ; 00:00:32     ; 1.6                     ; 2360 MB             ; 00:00:48                           ;
; Assembler                 ; 00:00:10     ; 1.0                     ; 722 MB              ; 00:00:10                           ;
; TimeQuest Timing Analyzer ; 00:00:11     ; 1.9                     ; 1076 MB             ; 00:00:13                           ;
; EDA Netlist Writer        ; 00:00:02     ; 1.0                     ; 644 MB              ; 00:00:02                           ;
; Analysis & Synthesis      ; 00:00:27     ; 1.2                     ; 785 MB              ; 00:00:50                           ;
; Partition Merge           ; 00:00:03     ; 1.0                     ; 852 MB              ; 00:00:03                           ;
; Fitter                    ; 00:00:33     ; 1.6                     ; 2365 MB             ; 00:00:48                           ;
; Assembler                 ; 00:00:10     ; 1.0                     ; 723 MB              ; 00:00:10                           ;
; TimeQuest Timing Analyzer ; 00:00:12     ; 1.0                     ; 1072 MB             ; 00:00:13                           ;
; EDA Netlist Writer        ; 00:00:02     ; 1.0                     ; 643 MB              ; 00:00:02                           ;
; Analysis & Synthesis      ; 00:00:10     ; 1.0                     ; 677 MB              ; 00:00:21                           ;
; Analysis & Synthesis      ; 00:00:20     ; 1.0                     ; 781 MB              ; 00:00:42                           ;
; Partition Merge           ; 00:00:01     ; 1.0                     ; 681 MB              ; 00:00:01                           ;
; Fitter                    ; 00:00:44     ; 1.6                     ; 2698 MB             ; 00:01:10                           ;
; Assembler                 ; 00:00:10     ; 1.0                     ; 718 MB              ; 00:00:10                           ;
; TimeQuest Timing Analyzer ; 00:00:09     ; 1.4                     ; 1065 MB             ; 00:00:10                           ;
; EDA Netlist Writer        ; 00:00:02     ; 1.0                     ; 643 MB              ; 00:00:02                           ;
; Analysis & Synthesis      ; 00:00:21     ; 1.0                     ; 783 MB              ; 00:00:39                           ;
; Partition Merge           ; 00:00:01     ; 1.0                     ; 681 MB              ; 00:00:01                           ;
; Fitter                    ; 00:00:44     ; 1.7                     ; 2707 MB             ; 00:01:12                           ;
; Assembler                 ; 00:00:10     ; 1.0                     ; 724 MB              ; 00:00:10                           ;
; TimeQuest Timing Analyzer ; 00:00:09     ; 1.0                     ; 1067 MB             ; 00:00:11                           ;
; EDA Netlist Writer        ; 00:00:02     ; 1.0                     ; 647 MB              ; 00:00:02                           ;
; Analysis & Synthesis      ; 00:00:08     ; 1.0                     ; 674 MB              ; 00:00:17                           ;
; Analysis & Synthesis      ; 00:00:19     ; 1.0                     ; 785 MB              ; 00:00:39                           ;
; Partition Merge           ; 00:00:01     ; 1.0                     ; 681 MB              ; 00:00:01                           ;
; Fitter                    ; 00:00:44     ; 1.6                     ; 2706 MB             ; 00:01:11                           ;
; Assembler                 ; 00:00:10     ; 1.0                     ; 724 MB              ; 00:00:10                           ;
; TimeQuest Timing Analyzer ; 00:00:10     ; 1.0                     ; 1064 MB             ; 00:00:10                           ;
; EDA Netlist Writer        ; 00:00:01     ; 1.0                     ; 647 MB              ; 00:00:02                           ;
; Analysis & Synthesis      ; 00:00:21     ; 1.0                     ; 782 MB              ; 00:00:41                           ;
; Partition Merge           ; 00:00:03     ; 1.0                     ; 852 MB              ; 00:00:03                           ;
; Fitter                    ; 00:00:33     ; 1.5                     ; 2367 MB             ; 00:00:47                           ;
; Assembler                 ; 00:00:10     ; 1.0                     ; 719 MB              ; 00:00:10                           ;
; TimeQuest Timing Analyzer ; 00:00:12     ; 1.0                     ; 1066 MB             ; 00:00:14                           ;
; EDA Netlist Writer        ; 00:00:02     ; 1.0                     ; 642 MB              ; 00:00:02                           ;
; Partition Merge           ; 00:00:03     ; 1.0                     ; 851 MB              ; 00:00:03                           ;
; Fitter                    ; 00:00:28     ; 1.6                     ; 1906 MB             ; 00:00:41                           ;
; Assembler                 ; 00:00:10     ; 1.0                     ; 721 MB              ; 00:00:10                           ;
; TimeQuest Timing Analyzer ; 00:00:12     ; 1.0                     ; 1071 MB             ; 00:00:14                           ;
; EDA Netlist Writer        ; 00:00:02     ; 1.0                     ; 643 MB              ; 00:00:02                           ;
; Analysis & Synthesis      ; 00:00:20     ; 1.0                     ; 783 MB              ; 00:00:42                           ;
; Partition Merge           ; 00:00:02     ; 1.0                     ; 825 MB              ; 00:00:02                           ;
; Fitter                    ; 00:00:44     ; 1.7                     ; 2824 MB             ; 00:01:13                           ;
; Assembler                 ; 00:00:10     ; 1.0                     ; 723 MB              ; 00:00:10                           ;
; TimeQuest Timing Analyzer ; 00:00:10     ; 1.0                     ; 1064 MB             ; 00:00:11                           ;
; EDA Netlist Writer        ; 00:00:02     ; 1.0                     ; 645 MB              ; 00:00:02                           ;
; Analysis & Synthesis      ; 00:00:10     ; 1.0                     ; 735 MB              ; 00:00:21                           ;
; Analysis & Synthesis      ; 00:00:09     ; 1.0                     ; 677 MB              ; 00:00:21                           ;
; Analysis & Synthesis      ; 00:00:09     ; 1.0                     ; 675 MB              ; 00:00:20                           ;
; Partition Merge           ; 00:00:01     ; 1.0                     ; 682 MB              ; 00:00:01                           ;
; Fitter                    ; 00:00:33     ; 1.6                     ; 2661 MB             ; 00:00:50                           ;
; Assembler                 ; 00:00:10     ; 1.0                     ; 712 MB              ; 00:00:10                           ;
; TimeQuest Timing Analyzer ; 00:00:06     ; 1.0                     ; 1013 MB             ; 00:00:06                           ;
; EDA Netlist Writer        ; 00:00:02     ; 1.0                     ; 625 MB              ; 00:00:01                           ;
; Analysis & Synthesis      ; 00:00:20     ; 1.0                     ; 781 MB              ; 00:00:41                           ;
; Partition Merge           ; 00:00:02     ; 1.0                     ; 845 MB              ; 00:00:03                           ;
; Fitter                    ; 00:00:31     ; 1.6                     ; 2225 MB             ; 00:00:46                           ;
; Assembler                 ; 00:00:10     ; 1.0                     ; 722 MB              ; 00:00:10                           ;
; TimeQuest Timing Analyzer ; 00:00:12     ; 1.0                     ; 1068 MB             ; 00:00:14                           ;
; EDA Netlist Writer        ; 00:00:02     ; 1.0                     ; 644 MB              ; 00:00:02                           ;
; Analysis & Synthesis      ; 00:00:20     ; 1.0                     ; 784 MB              ; 00:00:41                           ;
; Partition Merge           ; 00:00:02     ; 1.0                     ; 825 MB              ; 00:00:02                           ;
; Fitter                    ; 00:00:42     ; 1.7                     ; 2828 MB             ; 00:01:09                           ;
; Assembler                 ; 00:00:10     ; 1.0                     ; 720 MB              ; 00:00:10                           ;
; TimeQuest Timing Analyzer ; 00:00:09     ; 1.0                     ; 1065 MB             ; 00:00:10                           ;
; EDA Netlist Writer        ; 00:00:02     ; 1.0                     ; 645 MB              ; 00:00:02                           ;
; Analysis & Synthesis      ; 00:00:22     ; 1.0                     ; 781 MB              ; 00:00:44                           ;
; Partition Merge           ; 00:00:02     ; 1.0                     ; 824 MB              ; 00:00:02                           ;
; Fitter                    ; 00:00:42     ; 1.5                     ; 2832 MB             ; 00:01:08                           ;
; Assembler                 ; 00:00:10     ; 1.0                     ; 721 MB              ; 00:00:10                           ;
; TimeQuest Timing Analyzer ; 00:00:09     ; 1.0                     ; 1065 MB             ; 00:00:10                           ;
; EDA Netlist Writer        ; 00:00:02     ; 1.0                     ; 644 MB              ; 00:00:02                           ;
; Total                     ; 00:31:17     ; --                      ; --                  ; 00:48:02                           ;
+---------------------------+--------------+-------------------------+---------------------+------------------------------------+


+----------------------------------------------------------------------------------------+
; Flow OS Summary                                                                        ;
+---------------------------+------------------+-----------+------------+----------------+
; Module Name               ; Machine Hostname ; OS Name   ; OS Version ; Processor type ;
+---------------------------+------------------+-----------+------------+----------------+
; Analysis & Synthesis      ; EE-361pc18       ; Windows 7 ; 6.2        ; x86_64         ;
; Analysis & Synthesis      ; EE-361pc18       ; Windows 7 ; 6.2        ; x86_64         ;
; Analysis & Synthesis      ; EE-361pc18       ; Windows 7 ; 6.2        ; x86_64         ;
; Analysis & Synthesis      ; EE-361pc18       ; Windows 7 ; 6.2        ; x86_64         ;
; Partition Merge           ; EE-361pc18       ; Windows 7 ; 6.2        ; x86_64         ;
; Fitter                    ; EE-361pc18       ; Windows 7 ; 6.2        ; x86_64         ;
; Assembler                 ; EE-361pc18       ; Windows 7 ; 6.2        ; x86_64         ;
; TimeQuest Timing Analyzer ; EE-361pc18       ; Windows 7 ; 6.2        ; x86_64         ;
; EDA Netlist Writer        ; EE-361pc18       ; Windows 7 ; 6.2        ; x86_64         ;
; Analysis & Synthesis      ; EE-361pc18       ; Windows 7 ; 6.2        ; x86_64         ;
; Partition Merge           ; EE-361pc18       ; Windows 7 ; 6.2        ; x86_64         ;
; Fitter                    ; EE-361pc18       ; Windows 7 ; 6.2        ; x86_64         ;
; Assembler                 ; EE-361pc18       ; Windows 7 ; 6.2        ; x86_64         ;
; TimeQuest Timing Analyzer ; EE-361pc18       ; Windows 7 ; 6.2        ; x86_64         ;
; EDA Netlist Writer        ; EE-361pc18       ; Windows 7 ; 6.2        ; x86_64         ;
; Analysis & Synthesis      ; EE-361pc18       ; Windows 7 ; 6.2        ; x86_64         ;
; Partition Merge           ; EE-361pc18       ; Windows 7 ; 6.2        ; x86_64         ;
; Fitter                    ; EE-361pc18       ; Windows 7 ; 6.2        ; x86_64         ;
; Assembler                 ; EE-361pc18       ; Windows 7 ; 6.2        ; x86_64         ;
; TimeQuest Timing Analyzer ; EE-361pc18       ; Windows 7 ; 6.2        ; x86_64         ;
; EDA Netlist Writer        ; EE-361pc18       ; Windows 7 ; 6.2        ; x86_64         ;
; Analysis & Synthesis      ; EE-361pc18       ; Windows 7 ; 6.2        ; x86_64         ;
; Partition Merge           ; EE-361pc18       ; Windows 7 ; 6.2        ; x86_64         ;
; Fitter                    ; EE-361pc18       ; Windows 7 ; 6.2        ; x86_64         ;
; Assembler                 ; EE-361pc18       ; Windows 7 ; 6.2        ; x86_64         ;
; TimeQuest Timing Analyzer ; EE-361pc18       ; Windows 7 ; 6.2        ; x86_64         ;
; EDA Netlist Writer        ; EE-361pc18       ; Windows 7 ; 6.2        ; x86_64         ;
; Analysis & Synthesis      ; EE-361pc18       ; Windows 7 ; 6.2        ; x86_64         ;
; Partition Merge           ; EE-361pc18       ; Windows 7 ; 6.2        ; x86_64         ;
; Fitter                    ; EE-361pc18       ; Windows 7 ; 6.2        ; x86_64         ;
; Assembler                 ; EE-361pc18       ; Windows 7 ; 6.2        ; x86_64         ;
; TimeQuest Timing Analyzer ; EE-361pc18       ; Windows 7 ; 6.2        ; x86_64         ;
; EDA Netlist Writer        ; EE-361pc18       ; Windows 7 ; 6.2        ; x86_64         ;
; Analysis & Synthesis      ; EE-361pc18       ; Windows 7 ; 6.2        ; x86_64         ;
; Partition Merge           ; EE-361pc18       ; Windows 7 ; 6.2        ; x86_64         ;
; Fitter                    ; EE-361pc18       ; Windows 7 ; 6.2        ; x86_64         ;
; Assembler                 ; EE-361pc18       ; Windows 7 ; 6.2        ; x86_64         ;
; TimeQuest Timing Analyzer ; EE-361pc18       ; Windows 7 ; 6.2        ; x86_64         ;
; EDA Netlist Writer        ; EE-361pc18       ; Windows 7 ; 6.2        ; x86_64         ;
; Analysis & Synthesis      ; EE-361pc18       ; Windows 7 ; 6.2        ; x86_64         ;
; Partition Merge           ; EE-361pc18       ; Windows 7 ; 6.2        ; x86_64         ;
; Fitter                    ; EE-361pc18       ; Windows 7 ; 6.2        ; x86_64         ;
; Assembler                 ; EE-361pc18       ; Windows 7 ; 6.2        ; x86_64         ;
; TimeQuest Timing Analyzer ; EE-361pc18       ; Windows 7 ; 6.2        ; x86_64         ;
; EDA Netlist Writer        ; EE-361pc18       ; Windows 7 ; 6.2        ; x86_64         ;
; Analysis & Synthesis      ; EE-361pc18       ; Windows 7 ; 6.2        ; x86_64         ;
; Analysis & Synthesis      ; EE-361pc18       ; Windows 7 ; 6.2        ; x86_64         ;
; Analysis & Synthesis      ; EE-361pc18       ; Windows 7 ; 6.2        ; x86_64         ;
; Partition Merge           ; EE-361pc18       ; Windows 7 ; 6.2        ; x86_64         ;
; Fitter                    ; EE-361pc18       ; Windows 7 ; 6.2        ; x86_64         ;
; Assembler                 ; EE-361pc18       ; Windows 7 ; 6.2        ; x86_64         ;
; TimeQuest Timing Analyzer ; EE-361pc18       ; Windows 7 ; 6.2        ; x86_64         ;
; EDA Netlist Writer        ; EE-361pc18       ; Windows 7 ; 6.2        ; x86_64         ;
; Partition Merge           ; EE-361pc18       ; Windows 7 ; 6.2        ; x86_64         ;
; Fitter                    ; EE-361pc18       ; Windows 7 ; 6.2        ; x86_64         ;
; Assembler                 ; EE-361pc18       ; Windows 7 ; 6.2        ; x86_64         ;
; TimeQuest Timing Analyzer ; EE-361pc18       ; Windows 7 ; 6.2        ; x86_64         ;
; EDA Netlist Writer        ; EE-361pc18       ; Windows 7 ; 6.2        ; x86_64         ;
; Analysis & Synthesis      ; EE-361pc18       ; Windows 7 ; 6.2        ; x86_64         ;
; Partition Merge           ; EE-361pc18       ; Windows 7 ; 6.2        ; x86_64         ;
; Fitter                    ; EE-361pc18       ; Windows 7 ; 6.2        ; x86_64         ;
; Assembler                 ; EE-361pc18       ; Windows 7 ; 6.2        ; x86_64         ;
; TimeQuest Timing Analyzer ; EE-361pc18       ; Windows 7 ; 6.2        ; x86_64         ;
; EDA Netlist Writer        ; EE-361pc18       ; Windows 7 ; 6.2        ; x86_64         ;
; Analysis & Synthesis      ; EE-361pc18       ; Windows 7 ; 6.2        ; x86_64         ;
; Partition Merge           ; EE-361pc18       ; Windows 7 ; 6.2        ; x86_64         ;
; Fitter                    ; EE-361pc18       ; Windows 7 ; 6.2        ; x86_64         ;
; Assembler                 ; EE-361pc18       ; Windows 7 ; 6.2        ; x86_64         ;
; TimeQuest Timing Analyzer ; EE-361pc18       ; Windows 7 ; 6.2        ; x86_64         ;
; EDA Netlist Writer        ; EE-361pc18       ; Windows 7 ; 6.2        ; x86_64         ;
; Analysis & Synthesis      ; EE-361pc18       ; Windows 7 ; 6.2        ; x86_64         ;
; Partition Merge           ; EE-361pc18       ; Windows 7 ; 6.2        ; x86_64         ;
; Fitter                    ; EE-361pc18       ; Windows 7 ; 6.2        ; x86_64         ;
; Assembler                 ; EE-361pc18       ; Windows 7 ; 6.2        ; x86_64         ;
; TimeQuest Timing Analyzer ; EE-361pc18       ; Windows 7 ; 6.2        ; x86_64         ;
; EDA Netlist Writer        ; EE-361pc18       ; Windows 7 ; 6.2        ; x86_64         ;
; Analysis & Synthesis      ; EE-361pc18       ; Windows 7 ; 6.2        ; x86_64         ;
; Partition Merge           ; EE-361pc18       ; Windows 7 ; 6.2        ; x86_64         ;
; Fitter                    ; EE-361pc18       ; Windows 7 ; 6.2        ; x86_64         ;
; Assembler                 ; EE-361pc18       ; Windows 7 ; 6.2        ; x86_64         ;
; TimeQuest Timing Analyzer ; EE-361pc18       ; Windows 7 ; 6.2        ; x86_64         ;
; EDA Netlist Writer        ; EE-361pc18       ; Windows 7 ; 6.2        ; x86_64         ;
; Analysis & Synthesis      ; EE-361pc18       ; Windows 7 ; 6.2        ; x86_64         ;
; Analysis & Synthesis      ; EE-361pc18       ; Windows 7 ; 6.2        ; x86_64         ;
; Partition Merge           ; EE-361pc18       ; Windows 7 ; 6.2        ; x86_64         ;
; Fitter                    ; EE-361pc18       ; Windows 7 ; 6.2        ; x86_64         ;
; Assembler                 ; EE-361pc18       ; Windows 7 ; 6.2        ; x86_64         ;
; TimeQuest Timing Analyzer ; EE-361pc18       ; Windows 7 ; 6.2        ; x86_64         ;
; EDA Netlist Writer        ; EE-361pc18       ; Windows 7 ; 6.2        ; x86_64         ;
; Analysis & Synthesis      ; EE-361pc18       ; Windows 7 ; 6.2        ; x86_64         ;
; Partition Merge           ; EE-361pc18       ; Windows 7 ; 6.2        ; x86_64         ;
; Fitter                    ; EE-361pc18       ; Windows 7 ; 6.2        ; x86_64         ;
; Assembler                 ; EE-361pc18       ; Windows 7 ; 6.2        ; x86_64         ;
; TimeQuest Timing Analyzer ; EE-361pc18       ; Windows 7 ; 6.2        ; x86_64         ;
; EDA Netlist Writer        ; EE-361pc18       ; Windows 7 ; 6.2        ; x86_64         ;
; Analysis & Synthesis      ; EE-361pc18       ; Windows 7 ; 6.2        ; x86_64         ;
; Analysis & Synthesis      ; EE-361pc18       ; Windows 7 ; 6.2        ; x86_64         ;
; Partition Merge           ; EE-361pc18       ; Windows 7 ; 6.2        ; x86_64         ;
; Fitter                    ; EE-361pc18       ; Windows 7 ; 6.2        ; x86_64         ;
; Assembler                 ; EE-361pc18       ; Windows 7 ; 6.2        ; x86_64         ;
; TimeQuest Timing Analyzer ; EE-361pc18       ; Windows 7 ; 6.2        ; x86_64         ;
; EDA Netlist Writer        ; EE-361pc18       ; Windows 7 ; 6.2        ; x86_64         ;
; Analysis & Synthesis      ; EE-361pc18       ; Windows 7 ; 6.2        ; x86_64         ;
; Partition Merge           ; EE-361pc18       ; Windows 7 ; 6.2        ; x86_64         ;
; Fitter                    ; EE-361pc18       ; Windows 7 ; 6.2        ; x86_64         ;
; Assembler                 ; EE-361pc18       ; Windows 7 ; 6.2        ; x86_64         ;
; TimeQuest Timing Analyzer ; EE-361pc18       ; Windows 7 ; 6.2        ; x86_64         ;
; EDA Netlist Writer        ; EE-361pc18       ; Windows 7 ; 6.2        ; x86_64         ;
; Partition Merge           ; EE-361pc18       ; Windows 7 ; 6.2        ; x86_64         ;
; Fitter                    ; EE-361pc18       ; Windows 7 ; 6.2        ; x86_64         ;
; Assembler                 ; EE-361pc18       ; Windows 7 ; 6.2        ; x86_64         ;
; TimeQuest Timing Analyzer ; EE-361pc18       ; Windows 7 ; 6.2        ; x86_64         ;
; EDA Netlist Writer        ; EE-361pc18       ; Windows 7 ; 6.2        ; x86_64         ;
; Analysis & Synthesis      ; EE-361pc18       ; Windows 7 ; 6.2        ; x86_64         ;
; Partition Merge           ; EE-361pc18       ; Windows 7 ; 6.2        ; x86_64         ;
; Fitter                    ; EE-361pc18       ; Windows 7 ; 6.2        ; x86_64         ;
; Assembler                 ; EE-361pc18       ; Windows 7 ; 6.2        ; x86_64         ;
; TimeQuest Timing Analyzer ; EE-361pc18       ; Windows 7 ; 6.2        ; x86_64         ;
; EDA Netlist Writer        ; EE-361pc18       ; Windows 7 ; 6.2        ; x86_64         ;
; Analysis & Synthesis      ; EE-361pc18       ; Windows 7 ; 6.2        ; x86_64         ;
; Analysis & Synthesis      ; EE-361pc18       ; Windows 7 ; 6.2        ; x86_64         ;
; Analysis & Synthesis      ; EE-361pc18       ; Windows 7 ; 6.2        ; x86_64         ;
; Partition Merge           ; EE-361pc18       ; Windows 7 ; 6.2        ; x86_64         ;
; Fitter                    ; EE-361pc18       ; Windows 7 ; 6.2        ; x86_64         ;
; Assembler                 ; EE-361pc18       ; Windows 7 ; 6.2        ; x86_64         ;
; TimeQuest Timing Analyzer ; EE-361pc18       ; Windows 7 ; 6.2        ; x86_64         ;
; EDA Netlist Writer        ; EE-361pc18       ; Windows 7 ; 6.2        ; x86_64         ;
; Analysis & Synthesis      ; EE-361pc18       ; Windows 7 ; 6.2        ; x86_64         ;
; Partition Merge           ; EE-361pc18       ; Windows 7 ; 6.2        ; x86_64         ;
; Fitter                    ; EE-361pc18       ; Windows 7 ; 6.2        ; x86_64         ;
; Assembler                 ; EE-361pc18       ; Windows 7 ; 6.2        ; x86_64         ;
; TimeQuest Timing Analyzer ; EE-361pc18       ; Windows 7 ; 6.2        ; x86_64         ;
; EDA Netlist Writer        ; EE-361pc18       ; Windows 7 ; 6.2        ; x86_64         ;
; Analysis & Synthesis      ; EE-361pc18       ; Windows 7 ; 6.2        ; x86_64         ;
; Partition Merge           ; EE-361pc18       ; Windows 7 ; 6.2        ; x86_64         ;
; Fitter                    ; EE-361pc18       ; Windows 7 ; 6.2        ; x86_64         ;
; Assembler                 ; EE-361pc18       ; Windows 7 ; 6.2        ; x86_64         ;
; TimeQuest Timing Analyzer ; EE-361pc18       ; Windows 7 ; 6.2        ; x86_64         ;
; EDA Netlist Writer        ; EE-361pc18       ; Windows 7 ; 6.2        ; x86_64         ;
; Analysis & Synthesis      ; EE-361pc18       ; Windows 7 ; 6.2        ; x86_64         ;
; Partition Merge           ; EE-361pc18       ; Windows 7 ; 6.2        ; x86_64         ;
; Fitter                    ; EE-361pc18       ; Windows 7 ; 6.2        ; x86_64         ;
; Assembler                 ; EE-361pc18       ; Windows 7 ; 6.2        ; x86_64         ;
; TimeQuest Timing Analyzer ; EE-361pc18       ; Windows 7 ; 6.2        ; x86_64         ;
; EDA Netlist Writer        ; EE-361pc18       ; Windows 7 ; 6.2        ; x86_64         ;
+---------------------------+------------------+-----------+------------+----------------+


------------
; Flow Log ;
------------
quartus_map --read_settings_files=on --write_settings_files=off DE1_SoC -c DE1_SoC
quartus_map --read_settings_files=on --write_settings_files=off DE1_SoC -c DE1_SoC
quartus_map --read_settings_files=on --write_settings_files=off DE1_SoC -c DE1_SoC
quartus_map --read_settings_files=on --write_settings_files=off DE1_SoC -c DE1_SoC
quartus_cdb --read_settings_files=off --write_settings_files=off DE1_SoC -c DE1_SoC --merge=on
quartus_fit --read_settings_files=off --write_settings_files=off DE1_SoC -c DE1_SoC
quartus_asm --read_settings_files=off --write_settings_files=off DE1_SoC -c DE1_SoC
quartus_sta DE1_SoC -c DE1_SoC
quartus_eda --read_settings_files=off --write_settings_files=off DE1_SoC -c DE1_SoC
quartus_map --read_settings_files=on --write_settings_files=off DE1_SoC -c DE1_SoC
quartus_cdb --read_settings_files=off --write_settings_files=off DE1_SoC -c DE1_SoC --merge=on
quartus_fit --read_settings_files=off --write_settings_files=off DE1_SoC -c DE1_SoC
quartus_asm --read_settings_files=off --write_settings_files=off DE1_SoC -c DE1_SoC
quartus_sta DE1_SoC -c DE1_SoC
quartus_eda --read_settings_files=off --write_settings_files=off DE1_SoC -c DE1_SoC
quartus_map --read_settings_files=on --write_settings_files=off DE1_SoC -c DE1_SoC
quartus_cdb --read_settings_files=off --write_settings_files=off DE1_SoC -c DE1_SoC --merge=on
quartus_fit --read_settings_files=off --write_settings_files=off DE1_SoC -c DE1_SoC
quartus_asm --read_settings_files=off --write_settings_files=off DE1_SoC -c DE1_SoC
quartus_sta DE1_SoC -c DE1_SoC
quartus_eda --read_settings_files=off --write_settings_files=off DE1_SoC -c DE1_SoC
quartus_map --read_settings_files=on --write_settings_files=off DE1_SoC -c DE1_SoC
quartus_cdb --read_settings_files=off --write_settings_files=off DE1_SoC -c DE1_SoC --merge=on
quartus_fit --read_settings_files=off --write_settings_files=off DE1_SoC -c DE1_SoC
quartus_asm --read_settings_files=off --write_settings_files=off DE1_SoC -c DE1_SoC
quartus_sta DE1_SoC -c DE1_SoC
quartus_eda --read_settings_files=off --write_settings_files=off DE1_SoC -c DE1_SoC
quartus_map --read_settings_files=on --write_settings_files=off DE1_SoC -c DE1_SoC
quartus_cdb --read_settings_files=off --write_settings_files=off DE1_SoC -c DE1_SoC --merge=on
quartus_fit --read_settings_files=off --write_settings_files=off DE1_SoC -c DE1_SoC
quartus_asm --read_settings_files=off --write_settings_files=off DE1_SoC -c DE1_SoC
quartus_sta DE1_SoC -c DE1_SoC
quartus_eda --read_settings_files=off --write_settings_files=off DE1_SoC -c DE1_SoC
quartus_map --read_settings_files=on --write_settings_files=off DE1_SoC -c DE1_SoC --recompile=on
quartus_cdb --read_settings_files=on --write_settings_files=off DE1_SoC -c DE1_SoC --merge=on --recompile=on
quartus_fit --read_settings_files=off --write_settings_files=off DE1_SoC -c DE1_SoC --recompile=on
quartus_asm --read_settings_files=off --write_settings_files=off DE1_SoC -c DE1_SoC
quartus_sta DE1_SoC -c DE1_SoC
quartus_eda --read_settings_files=off --write_settings_files=off DE1_SoC -c DE1_SoC
quartus_map --read_settings_files=on --write_settings_files=off DE1_SoC -c DE1_SoC
quartus_cdb --read_settings_files=off --write_settings_files=off DE1_SoC -c DE1_SoC --merge=on
quartus_fit --read_settings_files=off --write_settings_files=off DE1_SoC -c DE1_SoC
quartus_asm --read_settings_files=off --write_settings_files=off DE1_SoC -c DE1_SoC
quartus_sta DE1_SoC -c DE1_SoC
quartus_eda --read_settings_files=off --write_settings_files=off DE1_SoC -c DE1_SoC
quartus_map --read_settings_files=on --write_settings_files=off DE1_SoC -c DE1_SoC
quartus_map --read_settings_files=on --write_settings_files=off DE1_SoC -c DE1_SoC
quartus_map --read_settings_files=on --write_settings_files=off DE1_SoC -c DE1_SoC
quartus_cdb --read_settings_files=off --write_settings_files=off DE1_SoC -c DE1_SoC --merge=on
quartus_fit --read_settings_files=off --write_settings_files=off DE1_SoC -c DE1_SoC
quartus_asm --read_settings_files=off --write_settings_files=off DE1_SoC -c DE1_SoC
quartus_sta DE1_SoC -c DE1_SoC
quartus_eda --read_settings_files=off --write_settings_files=off DE1_SoC -c DE1_SoC
quartus_cdb --read_settings_files=on --write_settings_files=off DE1_SoC -c DE1_SoC --merge=on --recompile=on
quartus_fit --read_settings_files=off --write_settings_files=off DE1_SoC -c DE1_SoC --recompile=on
quartus_asm --read_settings_files=off --write_settings_files=off DE1_SoC -c DE1_SoC
quartus_sta DE1_SoC -c DE1_SoC
quartus_eda --read_settings_files=off --write_settings_files=off DE1_SoC -c DE1_SoC
quartus_map --read_settings_files=on --write_settings_files=off DE1_SoC -c DE1_SoC --recompile=on
quartus_cdb --read_settings_files=on --write_settings_files=off DE1_SoC -c DE1_SoC --merge=on --recompile=on
quartus_fit --read_settings_files=off --write_settings_files=off DE1_SoC -c DE1_SoC --recompile=on
quartus_asm --read_settings_files=off --write_settings_files=off DE1_SoC -c DE1_SoC
quartus_sta DE1_SoC -c DE1_SoC
quartus_eda --read_settings_files=off --write_settings_files=off DE1_SoC -c DE1_SoC
quartus_map --read_settings_files=on --write_settings_files=off DE1_SoC -c DE1_SoC
quartus_cdb --read_settings_files=off --write_settings_files=off DE1_SoC -c DE1_SoC --merge=on
quartus_fit --read_settings_files=off --write_settings_files=off DE1_SoC -c DE1_SoC
quartus_asm --read_settings_files=off --write_settings_files=off DE1_SoC -c DE1_SoC
quartus_sta DE1_SoC -c DE1_SoC
quartus_eda --read_settings_files=off --write_settings_files=off DE1_SoC -c DE1_SoC
quartus_map --read_settings_files=on --write_settings_files=off DE1_SoC -c DE1_SoC --recompile=on
quartus_cdb --read_settings_files=on --write_settings_files=off DE1_SoC -c DE1_SoC --merge=on --recompile=on
quartus_fit --read_settings_files=off --write_settings_files=off DE1_SoC -c DE1_SoC --recompile=on
quartus_asm --read_settings_files=off --write_settings_files=off DE1_SoC -c DE1_SoC
quartus_sta DE1_SoC -c DE1_SoC
quartus_eda --read_settings_files=off --write_settings_files=off DE1_SoC -c DE1_SoC
quartus_map --read_settings_files=on --write_settings_files=off DE1_SoC -c DE1_SoC --recompile=on
quartus_cdb --read_settings_files=on --write_settings_files=off DE1_SoC -c DE1_SoC --merge=on --recompile=on
quartus_fit --read_settings_files=off --write_settings_files=off DE1_SoC -c DE1_SoC --recompile=on
quartus_asm --read_settings_files=off --write_settings_files=off DE1_SoC -c DE1_SoC
quartus_sta DE1_SoC -c DE1_SoC
quartus_eda --read_settings_files=off --write_settings_files=off DE1_SoC -c DE1_SoC
quartus_map --read_settings_files=on --write_settings_files=off DE1_SoC -c DE1_SoC
quartus_map --read_settings_files=on --write_settings_files=off DE1_SoC -c DE1_SoC
quartus_cdb --read_settings_files=off --write_settings_files=off DE1_SoC -c DE1_SoC --merge=on
quartus_fit --read_settings_files=off --write_settings_files=off DE1_SoC -c DE1_SoC
quartus_asm --read_settings_files=off --write_settings_files=off DE1_SoC -c DE1_SoC
quartus_sta DE1_SoC -c DE1_SoC
quartus_eda --read_settings_files=off --write_settings_files=off DE1_SoC -c DE1_SoC
quartus_map --read_settings_files=on --write_settings_files=off DE1_SoC -c DE1_SoC
quartus_cdb --read_settings_files=off --write_settings_files=off DE1_SoC -c DE1_SoC --merge=on
quartus_fit --read_settings_files=off --write_settings_files=off DE1_SoC -c DE1_SoC
quartus_asm --read_settings_files=off --write_settings_files=off DE1_SoC -c DE1_SoC
quartus_sta DE1_SoC -c DE1_SoC
quartus_eda --read_settings_files=off --write_settings_files=off DE1_SoC -c DE1_SoC
quartus_map --read_settings_files=on --write_settings_files=off DE1_SoC -c DE1_SoC
quartus_map --read_settings_files=on --write_settings_files=off DE1_SoC -c DE1_SoC
quartus_cdb --read_settings_files=off --write_settings_files=off DE1_SoC -c DE1_SoC --merge=on
quartus_fit --read_settings_files=off --write_settings_files=off DE1_SoC -c DE1_SoC
quartus_asm --read_settings_files=off --write_settings_files=off DE1_SoC -c DE1_SoC
quartus_sta DE1_SoC -c DE1_SoC
quartus_eda --read_settings_files=off --write_settings_files=off DE1_SoC -c DE1_SoC
quartus_map --read_settings_files=on --write_settings_files=off DE1_SoC -c DE1_SoC --recompile=on
quartus_cdb --read_settings_files=on --write_settings_files=off DE1_SoC -c DE1_SoC --merge=on --recompile=on
quartus_fit --read_settings_files=off --write_settings_files=off DE1_SoC -c DE1_SoC --recompile=on
quartus_asm --read_settings_files=off --write_settings_files=off DE1_SoC -c DE1_SoC
quartus_sta DE1_SoC -c DE1_SoC
quartus_eda --read_settings_files=off --write_settings_files=off DE1_SoC -c DE1_SoC
quartus_cdb --read_settings_files=on --write_settings_files=off DE1_SoC -c DE1_SoC --merge=on --recompile=on
quartus_fit --read_settings_files=off --write_settings_files=off DE1_SoC -c DE1_SoC --recompile=on
quartus_asm --read_settings_files=off --write_settings_files=off DE1_SoC -c DE1_SoC
quartus_sta DE1_SoC -c DE1_SoC
quartus_eda --read_settings_files=off --write_settings_files=off DE1_SoC -c DE1_SoC
quartus_map --read_settings_files=on --write_settings_files=off DE1_SoC -c DE1_SoC
quartus_cdb --read_settings_files=off --write_settings_files=off DE1_SoC -c DE1_SoC --merge=on
quartus_fit --read_settings_files=off --write_settings_files=off DE1_SoC -c DE1_SoC
quartus_asm --read_settings_files=off --write_settings_files=off DE1_SoC -c DE1_SoC
quartus_sta DE1_SoC -c DE1_SoC
quartus_eda --read_settings_files=off --write_settings_files=off DE1_SoC -c DE1_SoC
quartus_map --read_settings_files=on --write_settings_files=off DE1_SoC -c DE1_SoC
quartus_map --read_settings_files=on --write_settings_files=off DE1_SoC -c DE1_SoC
quartus_map --read_settings_files=on --write_settings_files=off DE1_SoC -c DE1_SoC
quartus_cdb --read_settings_files=off --write_settings_files=off DE1_SoC -c DE1_SoC --merge=on
quartus_fit --read_settings_files=off --write_settings_files=off DE1_SoC -c DE1_SoC
quartus_asm --read_settings_files=off --write_settings_files=off DE1_SoC -c DE1_SoC
quartus_sta DE1_SoC -c DE1_SoC
quartus_eda --read_settings_files=off --write_settings_files=off DE1_SoC -c DE1_SoC
quartus_map --read_settings_files=on --write_settings_files=off DE1_SoC -c DE1_SoC --recompile=on
quartus_cdb --read_settings_files=on --write_settings_files=off DE1_SoC -c DE1_SoC --merge=on --recompile=on
quartus_fit --read_settings_files=off --write_settings_files=off DE1_SoC -c DE1_SoC --recompile=on
quartus_asm --read_settings_files=off --write_settings_files=off DE1_SoC -c DE1_SoC
quartus_sta DE1_SoC -c DE1_SoC
quartus_eda --read_settings_files=off --write_settings_files=off DE1_SoC -c DE1_SoC
quartus_map --read_settings_files=on --write_settings_files=off DE1_SoC -c DE1_SoC
quartus_cdb --read_settings_files=off --write_settings_files=off DE1_SoC -c DE1_SoC --merge=on
quartus_fit --read_settings_files=off --write_settings_files=off DE1_SoC -c DE1_SoC
quartus_asm --read_settings_files=off --write_settings_files=off DE1_SoC -c DE1_SoC
quartus_sta DE1_SoC -c DE1_SoC
quartus_eda --read_settings_files=off --write_settings_files=off DE1_SoC -c DE1_SoC
quartus_map --read_settings_files=on --write_settings_files=off DE1_SoC -c DE1_SoC
quartus_cdb --read_settings_files=off --write_settings_files=off DE1_SoC -c DE1_SoC --merge=on
quartus_fit --read_settings_files=off --write_settings_files=off DE1_SoC -c DE1_SoC
quartus_asm --read_settings_files=off --write_settings_files=off DE1_SoC -c DE1_SoC
quartus_sta DE1_SoC -c DE1_SoC
quartus_eda --read_settings_files=off --write_settings_files=off DE1_SoC -c DE1_SoC



