Info: Starting: Create block symbol file (.bsf)
Info: qsys-generate C:\Users\pshfls\Downloads\EE-371-Project-3\SRAM\niosII_microprocessor.qsys --block-symbol-file --output-directory=C:\Users\pshfls\Downloads\EE-371-Project-3\SRAM\niosII_microprocessor --family="Cyclone V" --part=5CSEMA5F31C6
Progress: Loading SRAM/niosII_microprocessor.qsys
Progress: Reading input file
Progress: Adding address [altera_avalon_pio 15.1]
Progress: Parameterizing module address
Progress: Adding clk_0 [clock_source 15.1]
Progress: Parameterizing module clk_0
Progress: Adding cpu [altera_nios2_gen2 15.1]
Progress: Parameterizing module cpu
Progress: Adding data [altera_avalon_pio 15.1]
Progress: Parameterizing module data
Progress: Adding jtag_uart [altera_avalon_jtag_uart 15.1]
Progress: Parameterizing module jtag_uart
Progress: Adding led [altera_avalon_pio 15.1]
Progress: Parameterizing module led
Progress: Adding onchip_mem [altera_avalon_onchip_memory2 15.1]
Progress: Parameterizing module onchip_mem
Progress: Adding outen [altera_avalon_pio 15.1]
Progress: Parameterizing module outen
Progress: Adding sys_clk_timer [altera_avalon_timer 15.1]
Progress: Parameterizing module sys_clk_timer
Progress: Adding sysid [altera_avalon_sysid_qsys 15.1]
Progress: Parameterizing module sysid
Progress: Adding wren [altera_avalon_pio 15.1]
Progress: Parameterizing module wren
Progress: Building connections
Progress: Parameterizing connections
Progress: Validating
Progress: Done reading input file
Info: niosII_microprocessor.data: PIO inputs are not hardwired in test bench. Undefined values will be read from PIO inputs during simulation.
Info: niosII_microprocessor.sysid: System ID is not assigned automatically. Edit the System ID parameter to provide a unique ID
Info: niosII_microprocessor.sysid: Time stamp will be automatically updated when this component is generated.
Info: qsys-generate succeeded.
Info: Finished: Create block symbol file (.bsf)
Info: 
Info: Starting: Create HDL design files for synthesis
Info: qsys-generate C:\Users\pshfls\Downloads\EE-371-Project-3\SRAM\niosII_microprocessor.qsys --synthesis=VERILOG --output-directory=C:\Users\pshfls\Downloads\EE-371-Project-3\SRAM\niosII_microprocessor\synthesis --family="Cyclone V" --part=5CSEMA5F31C6
Progress: Loading SRAM/niosII_microprocessor.qsys
Progress: Reading input file
Progress: Adding address [altera_avalon_pio 15.1]
Progress: Parameterizing module address
Progress: Adding clk_0 [clock_source 15.1]
Progress: Parameterizing module clk_0
Progress: Adding cpu [altera_nios2_gen2 15.1]
Progress: Parameterizing module cpu
Progress: Adding data [altera_avalon_pio 15.1]
Progress: Parameterizing module data
Progress: Adding jtag_uart [altera_avalon_jtag_uart 15.1]
Progress: Parameterizing module jtag_uart
Progress: Adding led [altera_avalon_pio 15.1]
Progress: Parameterizing module led
Progress: Adding onchip_mem [altera_avalon_onchip_memory2 15.1]
Progress: Parameterizing module onchip_mem
Progress: Adding outen [altera_avalon_pio 15.1]
Progress: Parameterizing module outen
Progress: Adding sys_clk_timer [altera_avalon_timer 15.1]
Progress: Parameterizing module sys_clk_timer
Progress: Adding sysid [altera_avalon_sysid_qsys 15.1]
Progress: Parameterizing module sysid
Progress: Adding wren [altera_avalon_pio 15.1]
Progress: Parameterizing module wren
Progress: Building connections
Progress: Parameterizing connections
Progress: Validating
Progress: Done reading input file
Info: niosII_microprocessor.data: PIO inputs are not hardwired in test bench. Undefined values will be read from PIO inputs during simulation.
Info: niosII_microprocessor.sysid: System ID is not assigned automatically. Edit the System ID parameter to provide a unique ID
Info: niosII_microprocessor.sysid: Time stamp will be automatically updated when this component is generated.
Info: niosII_microprocessor: Generating niosII_microprocessor "niosII_microprocessor" for QUARTUS_SYNTH
Info: address: Starting RTL generation for module 'niosII_microprocessor_address'
Info: address:   Generation command is [exec C:/altera/15.1/quartus/bin64/perl/bin/perl.exe -I C:/altera/15.1/quartus/bin64/perl/lib -I C:/altera/15.1/quartus/sopc_builder/bin/europa -I C:/altera/15.1/quartus/sopc_builder/bin/perl_lib -I C:/altera/15.1/quartus/sopc_builder/bin -I C:/altera/15.1/quartus/../ip/altera/sopc_builder_ip/common -I C:/altera/15.1/quartus/../ip/altera/sopc_builder_ip/altera_avalon_pio -- C:/altera/15.1/quartus/../ip/altera/sopc_builder_ip/altera_avalon_pio/generate_rtl.pl --name=niosII_microprocessor_address --dir=C:/Users/pshfls/AppData/Local/Temp/alt6934_2041904020227818344.dir/0001_address_gen/ --quartus_dir=C:/altera/15.1/quartus --verilog --config=C:/Users/pshfls/AppData/Local/Temp/alt6934_2041904020227818344.dir/0001_address_gen//niosII_microprocessor_address_component_configuration.pl  --do_build_sim=0  ]
Info: address: Done RTL generation for module 'niosII_microprocessor_address'
Info: address: "niosII_microprocessor" instantiated altera_avalon_pio "address"
Info: cpu: "niosII_microprocessor" instantiated altera_nios2_gen2 "cpu"
Info: data: Starting RTL generation for module 'niosII_microprocessor_data'
Info: data:   Generation command is [exec C:/altera/15.1/quartus/bin64/perl/bin/perl.exe -I C:/altera/15.1/quartus/bin64/perl/lib -I C:/altera/15.1/quartus/sopc_builder/bin/europa -I C:/altera/15.1/quartus/sopc_builder/bin/perl_lib -I C:/altera/15.1/quartus/sopc_builder/bin -I C:/altera/15.1/quartus/../ip/altera/sopc_builder_ip/common -I C:/altera/15.1/quartus/../ip/altera/sopc_builder_ip/altera_avalon_pio -- C:/altera/15.1/quartus/../ip/altera/sopc_builder_ip/altera_avalon_pio/generate_rtl.pl --name=niosII_microprocessor_data --dir=C:/Users/pshfls/AppData/Local/Temp/alt6934_2041904020227818344.dir/0002_data_gen/ --quartus_dir=C:/altera/15.1/quartus --verilog --config=C:/Users/pshfls/AppData/Local/Temp/alt6934_2041904020227818344.dir/0002_data_gen//niosII_microprocessor_data_component_configuration.pl  --do_build_sim=0  ]
Info: data: Done RTL generation for module 'niosII_microprocessor_data'
Info: data: "niosII_microprocessor" instantiated altera_avalon_pio "data"
Info: jtag_uart: Starting RTL generation for module 'niosII_microprocessor_jtag_uart'
Info: jtag_uart:   Generation command is [exec C:/altera/15.1/quartus/bin64/perl/bin/perl.exe -I C:/altera/15.1/quartus/bin64/perl/lib -I C:/altera/15.1/quartus/sopc_builder/bin/europa -I C:/altera/15.1/quartus/sopc_builder/bin/perl_lib -I C:/altera/15.1/quartus/sopc_builder/bin -I C:/altera/15.1/quartus/../ip/altera/sopc_builder_ip/common -I C:/altera/15.1/quartus/../ip/altera/sopc_builder_ip/altera_avalon_jtag_uart -- C:/altera/15.1/quartus/../ip/altera/sopc_builder_ip/altera_avalon_jtag_uart/generate_rtl.pl --name=niosII_microprocessor_jtag_uart --dir=C:/Users/pshfls/AppData/Local/Temp/alt6934_2041904020227818344.dir/0003_jtag_uart_gen/ --quartus_dir=C:/altera/15.1/quartus --verilog --config=C:/Users/pshfls/AppData/Local/Temp/alt6934_2041904020227818344.dir/0003_jtag_uart_gen//niosII_microprocessor_jtag_uart_component_configuration.pl  --do_build_sim=0  ]
Info: jtag_uart: Done RTL generation for module 'niosII_microprocessor_jtag_uart'
Info: jtag_uart: "niosII_microprocessor" instantiated altera_avalon_jtag_uart "jtag_uart"
Info: led: Starting RTL generation for module 'niosII_microprocessor_led'
Info: led:   Generation command is [exec C:/altera/15.1/quartus/bin64/perl/bin/perl.exe -I C:/altera/15.1/quartus/bin64/perl/lib -I C:/altera/15.1/quartus/sopc_builder/bin/europa -I C:/altera/15.1/quartus/sopc_builder/bin/perl_lib -I C:/altera/15.1/quartus/sopc_builder/bin -I C:/altera/15.1/quartus/../ip/altera/sopc_builder_ip/common -I C:/altera/15.1/quartus/../ip/altera/sopc_builder_ip/altera_avalon_pio -- C:/altera/15.1/quartus/../ip/altera/sopc_builder_ip/altera_avalon_pio/generate_rtl.pl --name=niosII_microprocessor_led --dir=C:/Users/pshfls/AppData/Local/Temp/alt6934_2041904020227818344.dir/0004_led_gen/ --quartus_dir=C:/altera/15.1/quartus --verilog --config=C:/Users/pshfls/AppData/Local/Temp/alt6934_2041904020227818344.dir/0004_led_gen//niosII_microprocessor_led_component_configuration.pl  --do_build_sim=0  ]
Info: led: Done RTL generation for module 'niosII_microprocessor_led'
Info: led: "niosII_microprocessor" instantiated altera_avalon_pio "led"
Info: onchip_mem: Starting RTL generation for module 'niosII_microprocessor_onchip_mem'
Info: onchip_mem:   Generation command is [exec C:/altera/15.1/quartus/bin64/perl/bin/perl.exe -I C:/altera/15.1/quartus/bin64/perl/lib -I C:/altera/15.1/quartus/sopc_builder/bin/europa -I C:/altera/15.1/quartus/sopc_builder/bin/perl_lib -I C:/altera/15.1/quartus/sopc_builder/bin -I C:/altera/15.1/quartus/../ip/altera/sopc_builder_ip/common -I C:/altera/15.1/quartus/../ip/altera/sopc_builder_ip/altera_avalon_onchip_memory2 -- C:/altera/15.1/quartus/../ip/altera/sopc_builder_ip/altera_avalon_onchip_memory2/generate_rtl.pl --name=niosII_microprocessor_onchip_mem --dir=C:/Users/pshfls/AppData/Local/Temp/alt6934_2041904020227818344.dir/0005_onchip_mem_gen/ --quartus_dir=C:/altera/15.1/quartus --verilog --config=C:/Users/pshfls/AppData/Local/Temp/alt6934_2041904020227818344.dir/0005_onchip_mem_gen//niosII_microprocessor_onchip_mem_component_configuration.pl  --do_build_sim=0  ]
Info: onchip_mem: Done RTL generation for module 'niosII_microprocessor_onchip_mem'
Info: onchip_mem: "niosII_microprocessor" instantiated altera_avalon_onchip_memory2 "onchip_mem"
Info: outen: Starting RTL generation for module 'niosII_microprocessor_outen'
Info: outen:   Generation command is [exec C:/altera/15.1/quartus/bin64/perl/bin/perl.exe -I C:/altera/15.1/quartus/bin64/perl/lib -I C:/altera/15.1/quartus/sopc_builder/bin/europa -I C:/altera/15.1/quartus/sopc_builder/bin/perl_lib -I C:/altera/15.1/quartus/sopc_builder/bin -I C:/altera/15.1/quartus/../ip/altera/sopc_builder_ip/common -I C:/altera/15.1/quartus/../ip/altera/sopc_builder_ip/altera_avalon_pio -- C:/altera/15.1/quartus/../ip/altera/sopc_builder_ip/altera_avalon_pio/generate_rtl.pl --name=niosII_microprocessor_outen --dir=C:/Users/pshfls/AppData/Local/Temp/alt6934_2041904020227818344.dir/0006_outen_gen/ --quartus_dir=C:/altera/15.1/quartus --verilog --config=C:/Users/pshfls/AppData/Local/Temp/alt6934_2041904020227818344.dir/0006_outen_gen//niosII_microprocessor_outen_component_configuration.pl  --do_build_sim=0  ]
Info: outen: Done RTL generation for module 'niosII_microprocessor_outen'
Info: outen: "niosII_microprocessor" instantiated altera_avalon_pio "outen"
Info: sys_clk_timer: Starting RTL generation for module 'niosII_microprocessor_sys_clk_timer'
Info: sys_clk_timer:   Generation command is [exec C:/altera/15.1/quartus/bin64//perl/bin/perl.exe -I C:/altera/15.1/quartus/bin64//perl/lib -I C:/altera/15.1/quartus/sopc_builder/bin/europa -I C:/altera/15.1/quartus/sopc_builder/bin/perl_lib -I C:/altera/15.1/quartus/sopc_builder/bin -I C:/altera/15.1/quartus/../ip/altera/sopc_builder_ip/common -I C:/altera/15.1/quartus/../ip/altera/sopc_builder_ip/altera_avalon_timer -- C:/altera/15.1/quartus/../ip/altera/sopc_builder_ip/altera_avalon_timer/generate_rtl.pl --name=niosII_microprocessor_sys_clk_timer --dir=C:/Users/pshfls/AppData/Local/Temp/alt6934_2041904020227818344.dir/0007_sys_clk_timer_gen/ --quartus_dir=C:/altera/15.1/quartus --verilog --config=C:/Users/pshfls/AppData/Local/Temp/alt6934_2041904020227818344.dir/0007_sys_clk_timer_gen//niosII_microprocessor_sys_clk_timer_component_configuration.pl  --do_build_sim=0  ]
Info: sys_clk_timer: Done RTL generation for module 'niosII_microprocessor_sys_clk_timer'
Info: sys_clk_timer: "niosII_microprocessor" instantiated altera_avalon_timer "sys_clk_timer"
Info: sysid: "niosII_microprocessor" instantiated altera_avalon_sysid_qsys "sysid"
Info: avalon_st_adapter: Inserting error_adapter: error_adapter_0
Info: avalon_st_adapter_001: Inserting error_adapter: error_adapter_0
Info: avalon_st_adapter_002: Inserting error_adapter: error_adapter_0
Info: avalon_st_adapter_003: Inserting error_adapter: error_adapter_0
Info: avalon_st_adapter_004: Inserting error_adapter: error_adapter_0
Info: avalon_st_adapter_005: Inserting error_adapter: error_adapter_0
Info: avalon_st_adapter_006: Inserting error_adapter: error_adapter_0
Info: avalon_st_adapter_007: Inserting error_adapter: error_adapter_0
Info: avalon_st_adapter_008: Inserting error_adapter: error_adapter_0
Info: avalon_st_adapter_009: Inserting error_adapter: error_adapter_0
Info: mm_interconnect_0: "niosII_microprocessor" instantiated altera_mm_interconnect "mm_interconnect_0"
Info: irq_mapper: "niosII_microprocessor" instantiated altera_irq_mapper "irq_mapper"
Info: rst_controller: "niosII_microprocessor" instantiated altera_reset_controller "rst_controller"
Info: cpu: Starting RTL generation for module 'niosII_microprocessor_cpu_cpu'
Info: cpu:   Generation command is [exec C:/altera/15.1/quartus/bin64//eperlcmd.exe -I C:/altera/15.1/quartus/bin64//perl/lib -I C:/altera/15.1/quartus/sopc_builder/bin/europa -I C:/altera/15.1/quartus/sopc_builder/bin/perl_lib -I C:/altera/15.1/quartus/sopc_builder/bin -I C:/altera/15.1/quartus/../ip/altera/nios2_ip/altera_nios2_gen2/cpu_lib -I C:/altera/15.1/quartus/../ip/altera/nios2_ip/altera_nios2_gen2/nios_lib -I C:/altera/15.1/quartus/../ip/altera/nios2_ip/altera_nios2_gen2 -I C:/altera/15.1/quartus/../ip/altera/nios2_ip/altera_nios2_gen2 -- C:/altera/15.1/quartus/../ip/altera/nios2_ip/altera_nios2_gen2/generate_rtl.epl --name=niosII_microprocessor_cpu_cpu --dir=C:/Users/pshfls/AppData/Local/Temp/alt6934_2041904020227818344.dir/0011_cpu_gen/ --quartus_bindir=C:/altera/15.1/quartus/bin64/ --verilog --config=C:/Users/pshfls/AppData/Local/Temp/alt6934_2041904020227818344.dir/0011_cpu_gen//niosII_microprocessor_cpu_cpu_processor_configuration.pl  --do_build_sim=0  ]
Info: cpu: # 2016.05.12 22:49:15 (*) Starting Nios II generation
Info: cpu: # 2016.05.12 22:49:15 (*)   Checking for plaintext license.
Info: cpu: # 2016.05.12 22:49:18 (*)   Couldn't query license setup in Quartus directory C:/altera/15.1/quartus/bin64/
Info: cpu: # 2016.05.12 22:49:18 (*)   Defaulting to contents of LM_LICENSE_FILE environment variable
Info: cpu: # 2016.05.12 22:49:18 (*)   Plaintext license not found.
Info: cpu: # 2016.05.12 22:49:18 (*)   Checking for encrypted license (non-evaluation).
Info: cpu: # 2016.05.12 22:49:21 (*)   Couldn't query license setup in Quartus directory C:/altera/15.1/quartus/bin64/
Info: cpu: # 2016.05.12 22:49:21 (*)   Defaulting to contents of LM_LICENSE_FILE environment variable
Info: cpu: # 2016.05.12 22:49:21 (*)   Encrypted license found.  SOF will not be time-limited.
Info: cpu: # 2016.05.12 22:49:21 (*)   Elaborating CPU configuration settings
Info: cpu: # 2016.05.12 22:49:21 (*)   Creating all objects for CPU
Info: cpu: # 2016.05.12 22:49:21 (*)     Testbench
Info: cpu: # 2016.05.12 22:49:22 (*)     Instruction decoding
Info: cpu: # 2016.05.12 22:49:22 (*)       Instruction fields
Info: cpu: # 2016.05.12 22:49:22 (*)       Instruction decodes
Info: cpu: # 2016.05.12 22:49:22 (*)       Signals for RTL simulation waveforms
Info: cpu: # 2016.05.12 22:49:22 (*)       Instruction controls
Info: cpu: # 2016.05.12 22:49:22 (*)     Pipeline frontend
Info: cpu: # 2016.05.12 22:49:22 (*)     Pipeline backend
Info: cpu: # 2016.05.12 22:49:24 (*)   Generating RTL from CPU objects
Info: cpu: # 2016.05.12 22:49:26 (*)   Creating encrypted RTL
Info: cpu: # 2016.05.12 22:49:26 (*) Done Nios II generation
Info: cpu: Done RTL generation for module 'niosII_microprocessor_cpu_cpu'
Info: cpu: "cpu" instantiated altera_nios2_gen2_unit "cpu"
Info: cpu_data_master_translator: "mm_interconnect_0" instantiated altera_merlin_master_translator "cpu_data_master_translator"
Info: jtag_uart_avalon_jtag_slave_translator: "mm_interconnect_0" instantiated altera_merlin_slave_translator "jtag_uart_avalon_jtag_slave_translator"
Info: cpu_data_master_agent: "mm_interconnect_0" instantiated altera_merlin_master_agent "cpu_data_master_agent"
Info: jtag_uart_avalon_jtag_slave_agent: "mm_interconnect_0" instantiated altera_merlin_slave_agent "jtag_uart_avalon_jtag_slave_agent"
Info: jtag_uart_avalon_jtag_slave_agent_rsp_fifo: "mm_interconnect_0" instantiated altera_avalon_sc_fifo "jtag_uart_avalon_jtag_slave_agent_rsp_fifo"
Info: router: "mm_interconnect_0" instantiated altera_merlin_router "router"
Info: router_001: "mm_interconnect_0" instantiated altera_merlin_router "router_001"
Info: router_002: "mm_interconnect_0" instantiated altera_merlin_router "router_002"
Info: router_004: "mm_interconnect_0" instantiated altera_merlin_router "router_004"
Info: cpu_instruction_master_limiter: "mm_interconnect_0" instantiated altera_merlin_traffic_limiter "cpu_instruction_master_limiter"
Info: Reusing file C:/Users/pshfls/Downloads/EE-371-Project-3/SRAM/niosII_microprocessor/synthesis/submodules/altera_avalon_sc_fifo.v
Info: cmd_demux: "mm_interconnect_0" instantiated altera_merlin_demultiplexer "cmd_demux"
Info: cmd_demux_001: "mm_interconnect_0" instantiated altera_merlin_demultiplexer "cmd_demux_001"
Info: cmd_mux: "mm_interconnect_0" instantiated altera_merlin_multiplexer "cmd_mux"
Info: cmd_mux_002: "mm_interconnect_0" instantiated altera_merlin_multiplexer "cmd_mux_002"
Info: Reusing file C:/Users/pshfls/Downloads/EE-371-Project-3/SRAM/niosII_microprocessor/synthesis/submodules/altera_merlin_arbitrator.sv
Info: rsp_demux: "mm_interconnect_0" instantiated altera_merlin_demultiplexer "rsp_demux"
Info: rsp_demux_002: "mm_interconnect_0" instantiated altera_merlin_demultiplexer "rsp_demux_002"
Info: rsp_mux: "mm_interconnect_0" instantiated altera_merlin_multiplexer "rsp_mux"
Info: Reusing file C:/Users/pshfls/Downloads/EE-371-Project-3/SRAM/niosII_microprocessor/synthesis/submodules/altera_merlin_arbitrator.sv
Info: rsp_mux_001: "mm_interconnect_0" instantiated altera_merlin_multiplexer "rsp_mux_001"
Info: Reusing file C:/Users/pshfls/Downloads/EE-371-Project-3/SRAM/niosII_microprocessor/synthesis/submodules/altera_merlin_arbitrator.sv
Info: avalon_st_adapter: "mm_interconnect_0" instantiated altera_avalon_st_adapter "avalon_st_adapter"
Info: error_adapter_0: "avalon_st_adapter" instantiated error_adapter "error_adapter_0"
Info: niosII_microprocessor: Done "niosII_microprocessor" with 34 modules, 53 files
Info: qsys-generate succeeded.
Info: Finished: Create HDL design files for synthesis
