Info: Starting: Create block symbol file (.bsf)
Info: qsys-generate "C:\Users\xiaoh3\Desktop\_Use this lab2 Final\bathysphere\nios_system.qsys" --block-symbol-file --output-directory="C:\Users\xiaoh3\Desktop\_Use this lab2 Final\bathysphere\nios_system" --family="Cyclone V" --part=5CSEMA5F31C6
Progress: Loading bathysphere/nios_system.qsys
Progress: Reading input file
Progress: Adding KEY [altera_avalon_pio 15.1]
Progress: Parameterizing module KEY
Progress: Adding clk_0 [clock_source 15.1]
Progress: Parameterizing module clk_0
Progress: Adding jtag_uart [altera_avalon_jtag_uart 15.1]
Progress: Parameterizing module jtag_uart
Progress: Adding nios2_processor [altera_nios2_qsys 15.1]
Progress: Parameterizing module nios2_processor
Progress: Adding onchip_memory [altera_avalon_onchip_memory2 15.1]
Progress: Parameterizing module onchip_memory
Progress: Adding switches [altera_avalon_pio 15.1]
Progress: Parameterizing module switches
Progress: Building connections
Progress: Parameterizing connections
Progress: Validating
Progress: Done reading input file
Warning: nios_system.nios2_processor: Nios II Classic cores are no longer recommended for new projects
Info: qsys-generate succeeded.
Info: Finished: Create block symbol file (.bsf)
Info: 
Info: Starting: Create HDL design files for synthesis
Info: qsys-generate "C:\Users\xiaoh3\Desktop\_Use this lab2 Final\bathysphere\nios_system.qsys" --synthesis=VERILOG --output-directory="C:\Users\xiaoh3\Desktop\_Use this lab2 Final\bathysphere\nios_system\synthesis" --family="Cyclone V" --part=5CSEMA5F31C6
Progress: Loading bathysphere/nios_system.qsys
Progress: Reading input file
Progress: Adding KEY [altera_avalon_pio 15.1]
Progress: Parameterizing module KEY
Progress: Adding clk_0 [clock_source 15.1]
Progress: Parameterizing module clk_0
Progress: Adding jtag_uart [altera_avalon_jtag_uart 15.1]
Progress: Parameterizing module jtag_uart
Progress: Adding nios2_processor [altera_nios2_qsys 15.1]
Progress: Parameterizing module nios2_processor
Progress: Adding onchip_memory [altera_avalon_onchip_memory2 15.1]
Progress: Parameterizing module onchip_memory
Progress: Adding switches [altera_avalon_pio 15.1]
Progress: Parameterizing module switches
Progress: Building connections
Progress: Parameterizing connections
Progress: Validating
Progress: Done reading input file
Warning: nios_system.nios2_processor: Nios II Classic cores are no longer recommended for new projects
Info: nios_system: Generating nios_system "nios_system" for QUARTUS_SYNTH
Info: KEY: Starting RTL generation for module 'nios_system_KEY'
Info: KEY:   Generation command is [exec C:/altera/15.1/quartus/bin64/perl/bin/perl.exe -I C:/altera/15.1/quartus/bin64/perl/lib -I C:/altera/15.1/quartus/sopc_builder/bin/europa -I C:/altera/15.1/quartus/sopc_builder/bin/perl_lib -I C:/altera/15.1/quartus/sopc_builder/bin -I C:/altera/15.1/quartus/../ip/altera/sopc_builder_ip/common -I C:/altera/15.1/quartus/../ip/altera/sopc_builder_ip/altera_avalon_pio -- C:/altera/15.1/quartus/../ip/altera/sopc_builder_ip/altera_avalon_pio/generate_rtl.pl --name=nios_system_KEY --dir=C:/Users/xiaoh3/AppData/Local/Temp/alt6934_3885855086124649946.dir/0001_KEY_gen/ --quartus_dir=C:/altera/15.1/quartus --verilog --config=C:/Users/xiaoh3/AppData/Local/Temp/alt6934_3885855086124649946.dir/0001_KEY_gen//nios_system_KEY_component_configuration.pl  --do_build_sim=0  ]
Info: KEY: Done RTL generation for module 'nios_system_KEY'
Info: KEY: "nios_system" instantiated altera_avalon_pio "KEY"
Info: jtag_uart: Starting RTL generation for module 'nios_system_jtag_uart'
Info: jtag_uart:   Generation command is [exec C:/altera/15.1/quartus/bin64/perl/bin/perl.exe -I C:/altera/15.1/quartus/bin64/perl/lib -I C:/altera/15.1/quartus/sopc_builder/bin/europa -I C:/altera/15.1/quartus/sopc_builder/bin/perl_lib -I C:/altera/15.1/quartus/sopc_builder/bin -I C:/altera/15.1/quartus/../ip/altera/sopc_builder_ip/common -I C:/altera/15.1/quartus/../ip/altera/sopc_builder_ip/altera_avalon_jtag_uart -- C:/altera/15.1/quartus/../ip/altera/sopc_builder_ip/altera_avalon_jtag_uart/generate_rtl.pl --name=nios_system_jtag_uart --dir=C:/Users/xiaoh3/AppData/Local/Temp/alt6934_3885855086124649946.dir/0002_jtag_uart_gen/ --quartus_dir=C:/altera/15.1/quartus --verilog --config=C:/Users/xiaoh3/AppData/Local/Temp/alt6934_3885855086124649946.dir/0002_jtag_uart_gen//nios_system_jtag_uart_component_configuration.pl  --do_build_sim=0  ]
Info: jtag_uart: Done RTL generation for module 'nios_system_jtag_uart'
Info: jtag_uart: "nios_system" instantiated altera_avalon_jtag_uart "jtag_uart"
Info: nios2_processor: Starting RTL generation for module 'nios_system_nios2_processor'
Info: nios2_processor:   Generation command is [exec C:/altera/15.1/quartus/bin64/eperlcmd.exe -I C:/altera/15.1/quartus/bin64/perl/lib -I C:/altera/15.1/quartus/sopc_builder/bin/europa -I C:/altera/15.1/quartus/sopc_builder/bin/perl_lib -I C:/altera/15.1/quartus/sopc_builder/bin -I C:/altera/15.1/quartus/../ip/altera/nios2_ip/altera_nios2/cpu_lib -I C:/altera/15.1/quartus/../ip/altera/nios2_ip/altera_nios2/nios_lib -I C:/altera/15.1/quartus/../ip/altera/nios2_ip/altera_nios2 -I C:/altera/15.1/quartus/../ip/altera/nios2_ip/altera_nios2 -- C:/altera/15.1/quartus/../ip/altera/nios2_ip/altera_nios2/generate_rtl.epl --name=nios_system_nios2_processor --dir=C:/Users/xiaoh3/AppData/Local/Temp/alt6934_3885855086124649946.dir/0003_nios2_processor_gen/ --quartus_bindir=C:/altera/15.1/quartus/bin64 --verilog --config=C:/Users/xiaoh3/AppData/Local/Temp/alt6934_3885855086124649946.dir/0003_nios2_processor_gen//nios_system_nios2_processor_processor_configuration.pl  --do_build_sim=0  ]
Info: nios2_processor: # 2016.05.13 01:44:19 (*) Starting Nios II generation
Info: nios2_processor: # 2016.05.13 01:44:19 (*)   Checking for plaintext license.
Info: nios2_processor: # 2016.05.13 01:44:23 (*)   Couldn't query license setup in Quartus directory C:/altera/15.1/quartus/bin64
Info: nios2_processor: # 2016.05.13 01:44:23 (*)   Defaulting to contents of LM_LICENSE_FILE environment variable
Info: nios2_processor: # 2016.05.13 01:44:23 (*)   Plaintext license not found.
Info: nios2_processor: # 2016.05.13 01:44:23 (*)   No license required to generate encrypted Nios II/e.
Info: nios2_processor: # 2016.05.13 01:44:23 (*)   Elaborating CPU configuration settings
Info: nios2_processor: # 2016.05.13 01:44:23 (*)   Creating all objects for CPU
Info: nios2_processor: # 2016.05.13 01:44:24 (*)   Generating RTL from CPU objects
Info: nios2_processor: # 2016.05.13 01:44:24 (*)   Creating plain-text RTL
Info: nios2_processor: # 2016.05.13 01:44:25 (*) Done Nios II generation
Info: nios2_processor: Done RTL generation for module 'nios_system_nios2_processor'
Info: nios2_processor: "nios_system" instantiated altera_nios2_qsys "nios2_processor"
Info: onchip_memory: Starting RTL generation for module 'nios_system_onchip_memory'
Info: onchip_memory:   Generation command is [exec C:/altera/15.1/quartus/bin64/perl/bin/perl.exe -I C:/altera/15.1/quartus/bin64/perl/lib -I C:/altera/15.1/quartus/sopc_builder/bin/europa -I C:/altera/15.1/quartus/sopc_builder/bin/perl_lib -I C:/altera/15.1/quartus/sopc_builder/bin -I C:/altera/15.1/quartus/../ip/altera/sopc_builder_ip/common -I C:/altera/15.1/quartus/../ip/altera/sopc_builder_ip/altera_avalon_onchip_memory2 -- C:/altera/15.1/quartus/../ip/altera/sopc_builder_ip/altera_avalon_onchip_memory2/generate_rtl.pl --name=nios_system_onchip_memory --dir=C:/Users/xiaoh3/AppData/Local/Temp/alt6934_3885855086124649946.dir/0004_onchip_memory_gen/ --quartus_dir=C:/altera/15.1/quartus --verilog --config=C:/Users/xiaoh3/AppData/Local/Temp/alt6934_3885855086124649946.dir/0004_onchip_memory_gen//nios_system_onchip_memory_component_configuration.pl  --do_build_sim=0  ]
Info: onchip_memory: Done RTL generation for module 'nios_system_onchip_memory'
Info: onchip_memory: "nios_system" instantiated altera_avalon_onchip_memory2 "onchip_memory"
Info: switches: Starting RTL generation for module 'nios_system_switches'
Info: switches:   Generation command is [exec C:/altera/15.1/quartus/bin64/perl/bin/perl.exe -I C:/altera/15.1/quartus/bin64/perl/lib -I C:/altera/15.1/quartus/sopc_builder/bin/europa -I C:/altera/15.1/quartus/sopc_builder/bin/perl_lib -I C:/altera/15.1/quartus/sopc_builder/bin -I C:/altera/15.1/quartus/../ip/altera/sopc_builder_ip/common -I C:/altera/15.1/quartus/../ip/altera/sopc_builder_ip/altera_avalon_pio -- C:/altera/15.1/quartus/../ip/altera/sopc_builder_ip/altera_avalon_pio/generate_rtl.pl --name=nios_system_switches --dir=C:/Users/xiaoh3/AppData/Local/Temp/alt6934_3885855086124649946.dir/0005_switches_gen/ --quartus_dir=C:/altera/15.1/quartus --verilog --config=C:/Users/xiaoh3/AppData/Local/Temp/alt6934_3885855086124649946.dir/0005_switches_gen//nios_system_switches_component_configuration.pl  --do_build_sim=0  ]
Info: switches: Done RTL generation for module 'nios_system_switches'
Info: switches: "nios_system" instantiated altera_avalon_pio "switches"
Info: avalon_st_adapter: Inserting error_adapter: error_adapter_0
Info: avalon_st_adapter_001: Inserting error_adapter: error_adapter_0
Info: avalon_st_adapter_002: Inserting error_adapter: error_adapter_0
Info: avalon_st_adapter_003: Inserting error_adapter: error_adapter_0
Info: avalon_st_adapter_004: Inserting error_adapter: error_adapter_0
Info: mm_interconnect_0: "nios_system" instantiated altera_mm_interconnect "mm_interconnect_0"
Info: irq_mapper: "nios_system" instantiated altera_irq_mapper "irq_mapper"
Info: rst_controller: "nios_system" instantiated altera_reset_controller "rst_controller"
Info: nios2_processor_data_master_translator: "mm_interconnect_0" instantiated altera_merlin_master_translator "nios2_processor_data_master_translator"
Info: jtag_uart_avalon_jtag_slave_translator: "mm_interconnect_0" instantiated altera_merlin_slave_translator "jtag_uart_avalon_jtag_slave_translator"
Info: nios2_processor_data_master_agent: "mm_interconnect_0" instantiated altera_merlin_master_agent "nios2_processor_data_master_agent"
Info: jtag_uart_avalon_jtag_slave_agent: "mm_interconnect_0" instantiated altera_merlin_slave_agent "jtag_uart_avalon_jtag_slave_agent"
Info: jtag_uart_avalon_jtag_slave_agent_rsp_fifo: "mm_interconnect_0" instantiated altera_avalon_sc_fifo "jtag_uart_avalon_jtag_slave_agent_rsp_fifo"
Info: router: "mm_interconnect_0" instantiated altera_merlin_router "router"
Info: router_001: "mm_interconnect_0" instantiated altera_merlin_router "router_001"
Info: router_002: "mm_interconnect_0" instantiated altera_merlin_router "router_002"
Info: router_005: "mm_interconnect_0" instantiated altera_merlin_router "router_005"
Info: cmd_demux: "mm_interconnect_0" instantiated altera_merlin_demultiplexer "cmd_demux"
Info: cmd_demux_001: "mm_interconnect_0" instantiated altera_merlin_demultiplexer "cmd_demux_001"
Info: cmd_mux: "mm_interconnect_0" instantiated altera_merlin_multiplexer "cmd_mux"
Info: cmd_mux_003: "mm_interconnect_0" instantiated altera_merlin_multiplexer "cmd_mux_003"
Info: Reusing file C:/Users/xiaoh3/Desktop/_Use this lab2 Final/bathysphere/nios_system/synthesis/submodules/altera_merlin_arbitrator.sv
Info: rsp_demux: "mm_interconnect_0" instantiated altera_merlin_demultiplexer "rsp_demux"
Info: rsp_demux_003: "mm_interconnect_0" instantiated altera_merlin_demultiplexer "rsp_demux_003"
Info: rsp_mux: "mm_interconnect_0" instantiated altera_merlin_multiplexer "rsp_mux"
Info: Reusing file C:/Users/xiaoh3/Desktop/_Use this lab2 Final/bathysphere/nios_system/synthesis/submodules/altera_merlin_arbitrator.sv
Info: rsp_mux_001: "mm_interconnect_0" instantiated altera_merlin_multiplexer "rsp_mux_001"
Info: Reusing file C:/Users/xiaoh3/Desktop/_Use this lab2 Final/bathysphere/nios_system/synthesis/submodules/altera_merlin_arbitrator.sv
Info: avalon_st_adapter: "mm_interconnect_0" instantiated altera_avalon_st_adapter "avalon_st_adapter"
Info: error_adapter_0: "avalon_st_adapter" instantiated error_adapter "error_adapter_0"
Info: nios_system: Done "nios_system" with 28 modules, 42 files
Info: qsys-generate succeeded.
Info: Finished: Create HDL design files for synthesis
