IP Upgrade report for niosII_microprocessor
Tue Feb 09 02:47:56 2016
Quartus Prime Version 15.1.1 Build 189 12/02/2015 SJ Standard Edition


---------------------
; Table of Contents ;
---------------------
  1. Legal Notice
  2. IP Upgrade Summary
  3. Failed Upgrade IP Components
  4. IP Upgrade Messages



----------------
; Legal Notice ;
----------------
Copyright (C) 1991-2015 Altera Corporation. All rights reserved.
Your use of Altera Corporation's design tools, logic functions 
and other software and tools, and its AMPP partner logic 
functions, and any output files from any of the foregoing 
(including device programming or simulation files), and any 
associated documentation or information are expressly subject 
to the terms and conditions of the Altera Program License 
Subscription Agreement, the Altera Quartus Prime License Agreement,
the Altera MegaCore Function License Agreement, or other 
applicable license agreement, including, without limitation, 
that your use is for the sole purpose of programming logic 
devices manufactured by Altera and sold by Altera or its 
authorized distributors.  Please refer to the applicable 
agreement for further details.



+--------------------------------------------------------------------------------+
; IP Upgrade Summary                                                             ;
+------------------------------+-------------------------------------------------+
; IP Components Upgrade Status ; Passed - Tue Feb 09 02:47:56 2016               ;
; Quartus Prime Version        ; 15.1.1 Build 189 12/02/2015 SJ Standard Edition ;
; Revision Name                ; niosII_microprocessor                           ;
; Top-level Entity Name        ; DE1_SoC                                         ;
; Family                       ; Cyclone V                                       ;
+------------------------------+-------------------------------------------------+


+----------------------------------------------------------------------------------------------------------------------------------------------------------------------------------------------------------------------------------------------------------------------------------------------------------+
; Failed Upgrade IP Components                                                                                                                                                                                                                                                                             ;
+-----------------------+----------------+---------+-----------------------------------------------------------+----------------------------------------------------------------------+-----------------+--------------------------------------------------------------------------------------------------+
; Entity Name           ; Component Name ; Version ; Original Source File                                      ; Generation File Path                                                 ; New Source File ; Message                                                                                          ;
+-----------------------+----------------+---------+-----------------------------------------------------------+----------------------------------------------------------------------+-----------------+--------------------------------------------------------------------------------------------------+
; niosII_microprocessor ; Qsys           ; 14.0    ; niosII_microprocessor/synthesis/niosII_microprocessor.qip ; c:/altera/15.1/quartus/qdesigns/lab3/SRAM/niosII_microprocessor.qsys ;                 ; Error upgrading Qsys file "c:/altera/15.1/quartus/qdesigns/lab3/SRAM/niosII_microprocessor.qsys" ;
+-----------------------+----------------+---------+-----------------------------------------------------------+----------------------------------------------------------------------+-----------------+--------------------------------------------------------------------------------------------------+


+---------------------+
; IP Upgrade Messages ;
+---------------------+
Info (11902): Backing up file "niosII_microprocessor/synthesis/niosII_microprocessor.v" to "c:/altera/15.1/quartus/qdesigns/lab3/SRAM/niosII_microprocessor.BAK.v"
Info (11837): Started upgrading IP component Qsys with file "c:/altera/15.1/quartus/qdesigns/lab3/SRAM/niosII_microprocessor.qsys"
Error: 2016.02.09.02:47:56 Error: Error opening C:/altera/15.1/quartus/qdesigns/lab3/SRAM
Error (14923): Error upgrading Qsys file "c:/altera/15.1/quartus/qdesigns/lab3/SRAM/niosII_microprocessor.qsys"
Error (11890): Unable to automatically upgrade Qsys component. Please manually upgrade "c:/altera/15.1/quartus/qdesigns/lab3/SRAM/niosII_microprocessor.qsys" in Qsys
Error (23031): Evaluation of Tcl script c:/altera/15.1/quartus/common/tcl/internal/ip_regen/ip_regen.tcl unsuccessful
Error: Quartus Prime Shell was unsuccessful. 4 errors, 0 warnings
    Error: Peak virtual memory: 684 megabytes
    Error: Processing ended: Tue Feb 09 02:47:56 2016
    Error: Elapsed time: 00:00:13
    Error: Total CPU time (on all processors): 00:00:22


