Flow report for niosII_microprocessor
Thu May 12 22:53:49 2016
Quartus Prime Version 15.1.1 Build 189 12/02/2015 SJ Standard Edition


---------------------
; Table of Contents ;
---------------------
  1. Legal Notice
  2. Flow Summary
  3. Flow Settings
  4. Flow Non-Default Global Settings
  5. Flow Elapsed Time
  6. Flow OS Summary
  7. Flow Log
  8. Flow Messages
  9. Flow Suppressed Messages



----------------
; Legal Notice ;
----------------
Copyright (C) 1991-2015 Altera Corporation. All rights reserved.
Your use of Altera Corporation's design tools, logic functions 
and other software and tools, and its AMPP partner logic 
functions, and any output files from any of the foregoing 
(including device programming or simulation files), and any 
associated documentation or information are expressly subject 
to the terms and conditions of the Altera Program License 
Subscription Agreement, the Altera Quartus Prime License Agreement,
the Altera MegaCore Function License Agreement, or other 
applicable license agreement, including, without limitation, 
that your use is for the sole purpose of programming logic 
devices manufactured by Altera and sold by Altera or its 
authorized distributors.  Please refer to the applicable 
agreement for further details.



+-----------------------------------------------------------------------------------+
; Flow Summary                                                                      ;
+---------------------------------+-------------------------------------------------+
; Flow Status                     ; Successful - Thu May 12 22:53:36 2016           ;
; Quartus Prime Version           ; 15.1.1 Build 189 12/02/2015 SJ Standard Edition ;
; Revision Name                   ; niosII_microprocessor                           ;
; Top-level Entity Name           ; DE1_SoC                                         ;
; Family                          ; Cyclone V                                       ;
; Device                          ; 5CSEMA5F31C6                                    ;
; Timing Models                   ; Final                                           ;
; Logic utilization (in ALMs)     ; 1,456 / 32,070 ( 5 % )                          ;
; Total registers                 ; 2456                                            ;
; Total pins                      ; 15 / 457 ( 3 % )                                ;
; Total virtual pins              ; 0                                               ;
; Total block memory bits         ; 211,584 / 4,065,280 ( 5 % )                     ;
; Total DSP Blocks                ; 3 / 87 ( 3 % )                                  ;
; Total HSSI RX PCSs              ; 0                                               ;
; Total HSSI PMA RX Deserializers ; 0                                               ;
; Total HSSI TX PCSs              ; 0                                               ;
; Total HSSI PMA TX Serializers   ; 0                                               ;
; Total PLLs                      ; 0 / 6 ( 0 % )                                   ;
; Total DLLs                      ; 0 / 4 ( 0 % )                                   ;
+---------------------------------+-------------------------------------------------+


+-------------------------------------------+
; Flow Settings                             ;
+-------------------+-----------------------+
; Option            ; Setting               ;
+-------------------+-----------------------+
; Start date & time ; 05/12/2016 22:51:35   ;
; Main task         ; Compilation           ;
; Revision Name     ; niosII_microprocessor ;
+-------------------+-----------------------+


+-----------------------------------------------------------------------------------------------------------------------------------------------------------------------------------------------+
; Flow Non-Default Global Settings                                                                                                                                                              ;
+-------------------------------------+------------------------------------------------------------------------------------------------+-----------------------+-------------+------------------+
; Assignment Name                     ; Value                                                                                          ; Default Value         ; Entity Name ; Section Id       ;
+-------------------------------------+------------------------------------------------------------------------------------------------+-----------------------+-------------+------------------+
; COMPILER_SIGNATURE_ID               ; 233963777953485.146311869517180                                                                ; --                    ; --          ; --               ;
; EDA_OUTPUT_DATA_FORMAT              ; None                                                                                           ; --                    ; --          ; eda_simulation   ;
; ENABLE_SIGNALTAP                    ; On                                                                                             ; --                    ; --          ; --               ;
; MAX_CORE_JUNCTION_TEMP              ; 85                                                                                             ; --                    ; --          ; --               ;
; MIN_CORE_JUNCTION_TEMP              ; 0                                                                                              ; --                    ; --          ; --               ;
; MISC_FILE                           ; niosII_microprocessor/synthesis/../niosII_microprocessor.cmp                                   ; --                    ; --          ; --               ;
; MISC_FILE                           ; niosII_microprocessor/synthesis/../../niosII_microprocessor.qsys                               ; --                    ; --          ; --               ;
; PARTITION_COLOR                     ; 16764057                                                                                       ; --                    ; DE1_SoC     ; Top              ;
; PARTITION_FITTER_PRESERVATION_LEVEL ; PLACEMENT_AND_ROUTING                                                                          ; --                    ; DE1_SoC     ; Top              ;
; PARTITION_NETLIST_TYPE              ; SOURCE                                                                                         ; --                    ; DE1_SoC     ; Top              ;
; POWER_BOARD_THERMAL_MODEL           ; None (CONSERVATIVE)                                                                            ; --                    ; --          ; --               ;
; POWER_PRESET_COOLING_SOLUTION       ; 23 MM HEAT SINK WITH 200 LFPM AIRFLOW                                                          ; --                    ; --          ; --               ;
; PROJECT_OUTPUT_DIRECTORY            ; output_files                                                                                   ; --                    ; --          ; --               ;
; SLD_FILE                            ; niosII_microprocessor/synthesis/niosII_microprocessor.regmap                                   ; --                    ; --          ; --               ;
; SLD_FILE                            ; niosII_microprocessor/synthesis/niosII_microprocessor.debuginfo                                ; --                    ; --          ; --               ;
; SLD_FILE                            ; db/Analyzer1_auto_stripped.stp                                                                 ; --                    ; --          ; --               ;
; SLD_INFO                            ; QSYS_NAME niosII_microprocessor HAS_SOPCINFO 1 GENERATION_ID 1463118622                        ; --                    ; --          ; --               ;
; SLD_NODE_CREATOR_ID                 ; 110                                                                                            ; --                    ; --          ; auto_signaltap_0 ;
; SLD_NODE_ENTITY_NAME                ; sld_signaltap                                                                                  ; --                    ; --          ; auto_signaltap_0 ;
; SLD_NODE_PARAMETER_ASSIGNMENT       ; SLD_RAM_BLOCK_TYPE=AUTO                                                                        ; --                    ; --          ; auto_signaltap_0 ;
; SLD_NODE_PARAMETER_ASSIGNMENT       ; SLD_DATA_BITS=18                                                                               ; --                    ; --          ; auto_signaltap_0 ;
; SLD_NODE_PARAMETER_ASSIGNMENT       ; SLD_TRIGGER_BITS=18                                                                            ; --                    ; --          ; auto_signaltap_0 ;
; SLD_NODE_PARAMETER_ASSIGNMENT       ; SLD_STORAGE_QUALIFIER_BITS=18                                                                  ; --                    ; --          ; auto_signaltap_0 ;
; SLD_NODE_PARAMETER_ASSIGNMENT       ; SLD_NODE_INFO=805334528                                                                        ; --                    ; --          ; auto_signaltap_0 ;
; SLD_NODE_PARAMETER_ASSIGNMENT       ; SLD_POWER_UP_TRIGGER=0                                                                         ; --                    ; --          ; auto_signaltap_0 ;
; SLD_NODE_PARAMETER_ASSIGNMENT       ; SLD_INVERSION_MASK=000000000000000000000000000000000000000000000000000000000000000000000000000 ; --                    ; --          ; auto_signaltap_0 ;
; SLD_NODE_PARAMETER_ASSIGNMENT       ; SLD_INVERSION_MASK_LENGTH=75                                                                   ; --                    ; --          ; auto_signaltap_0 ;
; SLD_NODE_PARAMETER_ASSIGNMENT       ; SLD_STORAGE_QUALIFIER_INVERSION_MASK_LENGTH=0                                                  ; --                    ; --          ; auto_signaltap_0 ;
; SLD_NODE_PARAMETER_ASSIGNMENT       ; SLD_SEGMENT_SIZE=128                                                                           ; --                    ; --          ; auto_signaltap_0 ;
; SLD_NODE_PARAMETER_ASSIGNMENT       ; SLD_ATTRIBUTE_MEM_MODE=OFF                                                                     ; --                    ; --          ; auto_signaltap_0 ;
; SLD_NODE_PARAMETER_ASSIGNMENT       ; SLD_STATE_FLOW_USE_GENERATED=0                                                                 ; --                    ; --          ; auto_signaltap_0 ;
; SLD_NODE_PARAMETER_ASSIGNMENT       ; SLD_STATE_BITS=11                                                                              ; --                    ; --          ; auto_signaltap_0 ;
; SLD_NODE_PARAMETER_ASSIGNMENT       ; SLD_BUFFER_FULL_STOP=1                                                                         ; --                    ; --          ; auto_signaltap_0 ;
; SLD_NODE_PARAMETER_ASSIGNMENT       ; SLD_CURRENT_RESOURCE_WIDTH=1                                                                   ; --                    ; --          ; auto_signaltap_0 ;
; SLD_NODE_PARAMETER_ASSIGNMENT       ; SLD_INCREMENTAL_ROUTING=1                                                                      ; --                    ; --          ; auto_signaltap_0 ;
; SLD_NODE_PARAMETER_ASSIGNMENT       ; SLD_TRIGGER_LEVEL=1                                                                            ; --                    ; --          ; auto_signaltap_0 ;
; SLD_NODE_PARAMETER_ASSIGNMENT       ; SLD_SAMPLE_DEPTH=128                                                                           ; --                    ; --          ; auto_signaltap_0 ;
; SLD_NODE_PARAMETER_ASSIGNMENT       ; SLD_TRIGGER_IN_ENABLED=0                                                                       ; --                    ; --          ; auto_signaltap_0 ;
; SLD_NODE_PARAMETER_ASSIGNMENT       ; SLD_ADVANCED_TRIGGER_ENTITY=basic,1,                                                           ; --                    ; --          ; auto_signaltap_0 ;
; SLD_NODE_PARAMETER_ASSIGNMENT       ; SLD_TRIGGER_LEVEL_PIPELINE=1                                                                   ; --                    ; --          ; auto_signaltap_0 ;
; SLD_NODE_PARAMETER_ASSIGNMENT       ; SLD_ENABLE_ADVANCED_TRIGGER=0                                                                  ; --                    ; --          ; auto_signaltap_0 ;
; SOPCINFO_FILE                       ; niosII_microprocessor/synthesis/../../niosII_microprocessor.sopcinfo                           ; --                    ; --          ; --               ;
; SYNTHESIS_ONLY_QIP                  ; On                                                                                             ; --                    ; --          ; --               ;
; TOP_LEVEL_ENTITY                    ; DE1_SoC                                                                                        ; niosII_microprocessor ; --          ; --               ;
; USE_SIGNALTAP_FILE                  ; output_files/Analyzer1.stp                                                                     ; --                    ; --          ; --               ;
+-------------------------------------+------------------------------------------------------------------------------------------------+-----------------------+-------------+------------------+


+-------------------------------------------------------------------------------------------------------------------------------+
; Flow Elapsed Time                                                                                                             ;
+---------------------------+--------------+-------------------------+---------------------+------------------------------------+
; Module Name               ; Elapsed Time ; Average Processors Used ; Peak Virtual Memory ; Total CPU Time (on all processors) ;
+---------------------------+--------------+-------------------------+---------------------+------------------------------------+
; Analysis & Synthesis      ; 00:00:35     ; 1.0                     ; 1102 MB             ; 00:00:58                           ;
; Fitter                    ; 00:01:04     ; 1.1                     ; 2811 MB             ; 00:02:33                           ;
; Assembler                 ; 00:00:10     ; 1.0                     ; 949 MB              ; 00:00:10                           ;
; TimeQuest Timing Analyzer ; 00:00:09     ; 2.1                     ; 1295 MB             ; 00:00:16                           ;
; Total                     ; 00:01:58     ; --                      ; --                  ; 00:03:57                           ;
+---------------------------+--------------+-------------------------+---------------------+------------------------------------+


+----------------------------------------------------------------------------------------+
; Flow OS Summary                                                                        ;
+---------------------------+------------------+-----------+------------+----------------+
; Module Name               ; Machine Hostname ; OS Name   ; OS Version ; Processor type ;
+---------------------------+------------------+-----------+------------+----------------+
; Analysis & Synthesis      ; EE-365PC09       ; Windows 8 ; 6.2        ; x86_64         ;
; Fitter                    ; EE-365PC09       ; Windows 8 ; 6.2        ; x86_64         ;
; Assembler                 ; EE-365PC09       ; Windows 8 ; 6.2        ; x86_64         ;
; TimeQuest Timing Analyzer ; EE-365PC09       ; Windows 8 ; 6.2        ; x86_64         ;
+---------------------------+------------------+-----------+------------+----------------+


------------
; Flow Log ;
------------
quartus_map --read_settings_files=on --write_settings_files=off niosII_microprocessor -c niosII_microprocessor
quartus_fit --read_settings_files=off --write_settings_files=off niosII_microprocessor -c niosII_microprocessor
quartus_asm --read_settings_files=off --write_settings_files=off niosII_microprocessor -c niosII_microprocessor
quartus_sta niosII_microprocessor -c niosII_microprocessor



